\BOOKMARK [0][-]{chapter.1}{\376\377\0001\000\040\000C\000l\000a\000s\000s\000\040\000I\000n\000d\000e\000x}{}% 1
\BOOKMARK [1][-]{section.1.1}{\376\377\0001\000.\0001\000\040\000C\000l\000a\000s\000s\000\040\000L\000i\000s\000t}{chapter.1}% 2
\BOOKMARK [0][-]{chapter.2}{\376\377\0002\000\040\000F\000i\000l\000e\000\040\000I\000n\000d\000e\000x}{}% 3
\BOOKMARK [1][-]{section.2.1}{\376\377\0002\000.\0001\000\040\000F\000i\000l\000e\000\040\000L\000i\000s\000t}{chapter.2}% 4
\BOOKMARK [0][-]{chapter.3}{\376\377\0003\000\040\000C\000l\000a\000s\000s\000\040\000D\000o\000c\000u\000m\000e\000n\000t\000a\000t\000i\000o\000n}{}% 5
\BOOKMARK [1][-]{section.3.1}{\376\377\0003\000.\0001\000\040\000C\000o\000m\000m\000a\000n\000d\000\040\000S\000t\000r\000u\000c\000t\000\040\000R\000e\000f\000e\000r\000e\000n\000c\000e}{chapter.3}% 6
\BOOKMARK [2][-]{subsection.3.1.1}{\376\377\0003\000.\0001\000.\0001\000\040\000M\000e\000m\000b\000e\000r\000\040\000D\000a\000t\000a\000\040\000D\000o\000c\000u\000m\000e\000n\000t\000a\000t\000i\000o\000n}{section.3.1}% 7
\BOOKMARK [3][-]{subsubsection.3.1.1.1}{\376\377\0003\000.\0001\000.\0001\000.\0001\000\040\000a\000c\000t\000i\000o\000n}{subsection.3.1.1}% 8
\BOOKMARK [3][-]{subsubsection.3.1.1.2}{\376\377\0003\000.\0001\000.\0001\000.\0002\000\040\000a\000r\000g\000u\000m\000e\000n\000t}{subsection.3.1.1}% 9
\BOOKMARK [3][-]{subsubsection.3.1.1.3}{\376\377\0003\000.\0001\000.\0001\000.\0003\000\040\000k\000e\000y}{subsection.3.1.1}% 10
\BOOKMARK [3][-]{subsubsection.3.1.1.4}{\376\377\0003\000.\0001\000.\0001\000.\0004\000\040\000t\000e\000x\000t}{subsection.3.1.1}% 11
\BOOKMARK [1][-]{section.3.2}{\376\377\0003\000.\0002\000\040\000g\000r\000a\000p\000h\000\137\000v\000i\000e\000w\000\040\000S\000t\000r\000u\000c\000t\000\040\000R\000e\000f\000e\000r\000e\000n\000c\000e}{chapter.3}% 12
\BOOKMARK [2][-]{subsection.3.2.1}{\376\377\0003\000.\0002\000.\0001\000\040\000M\000e\000m\000b\000e\000r\000\040\000D\000a\000t\000a\000\040\000D\000o\000c\000u\000m\000e\000n\000t\000a\000t\000i\000o\000n}{section.3.2}% 13
\BOOKMARK [3][-]{subsubsection.3.2.1.1}{\376\377\0003\000.\0002\000.\0001\000.\0001\000\040\000h\000o\000r\000i\000z\000o\000n\000t\000a\000l\000\137\000t\000i\000c\000k\000\137\000m\000a\000r\000k\000s}{subsection.3.2.1}% 14
\BOOKMARK [3][-]{subsubsection.3.2.1.2}{\376\377\0003\000.\0002\000.\0001\000.\0002\000\040\000v\000e\000r\000t\000i\000c\000a\000l\000\137\000t\000i\000c\000k\000\137\000m\000a\000r\000k\000s}{subsection.3.2.1}% 15
\BOOKMARK [3][-]{subsubsection.3.2.1.3}{\376\377\0003\000.\0002\000.\0001\000.\0003\000\040\000v\000i\000e\000w}{subsection.3.2.1}% 16
\BOOKMARK [1][-]{section.3.3}{\376\377\0003\000.\0003\000\040\000H\000a\000s\000h\000m\000a\000p\000\040\000S\000t\000r\000u\000c\000t\000\040\000R\000e\000f\000e\000r\000e\000n\000c\000e}{chapter.3}% 17
\BOOKMARK [2][-]{subsection.3.3.1}{\376\377\0003\000.\0003\000.\0001\000\040\000M\000e\000m\000b\000e\000r\000\040\000D\000a\000t\000a\000\040\000D\000o\000c\000u\000m\000e\000n\000t\000a\000t\000i\000o\000n}{section.3.3}% 18
\BOOKMARK [3][-]{subsubsection.3.3.1.1}{\376\377\0003\000.\0003\000.\0001\000.\0001\000\040\000a\000d\000d}{subsection.3.3.1}% 19
\BOOKMARK [3][-]{subsubsection.3.3.1.2}{\376\377\0003\000.\0003\000.\0001\000.\0002\000\040\000e\000l\000e\000m\000e\000n\000t\000s}{subsection.3.3.1}% 20
\BOOKMARK [3][-]{subsubsection.3.3.1.3}{\376\377\0003\000.\0003\000.\0001\000.\0003\000\040\000e\000x\000i\000s\000t\000s}{subsection.3.3.1}% 21
\BOOKMARK [3][-]{subsubsection.3.3.1.4}{\376\377\0003\000.\0003\000.\0001\000.\0004\000\040\000g\000e\000t}{subsection.3.3.1}% 22
\BOOKMARK [3][-]{subsubsection.3.3.1.5}{\376\377\0003\000.\0003\000.\0001\000.\0005\000\040\000r\000e\000m\000o\000v\000e}{subsection.3.3.1}% 23
\BOOKMARK [3][-]{subsubsection.3.3.1.6}{\376\377\0003\000.\0003\000.\0001\000.\0006\000\040\000s\000i\000z\000e}{subsection.3.3.1}% 24
\BOOKMARK [3][-]{subsubsection.3.3.1.7}{\376\377\0003\000.\0003\000.\0001\000.\0007\000\040\000t\000a\000b\000l\000e}{subsection.3.3.1}% 25
\BOOKMARK [3][-]{subsubsection.3.3.1.8}{\376\377\0003\000.\0003\000.\0001\000.\0008\000\040\000u\000p\000d\000a\000t\000e}{subsection.3.3.1}% 26
\BOOKMARK [1][-]{section.3.4}{\376\377\0003\000.\0004\000\040\000H\000a\000s\000h\000m\000a\000p\000E\000l\000e\000m\000e\000n\000t\000\040\000S\000t\000r\000u\000c\000t\000\040\000R\000e\000f\000e\000r\000e\000n\000c\000e}{chapter.3}% 27
\BOOKMARK [2][-]{subsection.3.4.1}{\376\377\0003\000.\0004\000.\0001\000\040\000M\000e\000m\000b\000e\000r\000\040\000D\000a\000t\000a\000\040\000D\000o\000c\000u\000m\000e\000n\000t\000a\000t\000i\000o\000n}{section.3.4}% 28
\BOOKMARK [3][-]{subsubsection.3.4.1.1}{\376\377\0003\000.\0004\000.\0001\000.\0001\000\040\000d\000a\000t\000u\000m}{subsection.3.4.1}% 29
\BOOKMARK [3][-]{subsubsection.3.4.1.2}{\376\377\0003\000.\0004\000.\0001\000.\0002\000\040\000k\000e\000y}{subsection.3.4.1}% 30
\BOOKMARK [1][-]{section.3.5}{\376\377\0003\000.\0005\000\040\000I\0002\000C\000\040\000S\000t\000r\000u\000c\000t\000\040\000R\000e\000f\000e\000r\000e\000n\000c\000e}{chapter.3}% 31
\BOOKMARK [2][-]{subsection.3.5.1}{\376\377\0003\000.\0005\000.\0001\000\040\000M\000e\000m\000b\000e\000r\000\040\000D\000a\000t\000a\000\040\000D\000o\000c\000u\000m\000e\000n\000t\000a\000t\000i\000o\000n}{section.3.5}% 32
\BOOKMARK [3][-]{subsubsection.3.5.1.1}{\376\377\0003\000.\0005\000.\0001\000.\0001\000\040\000a\000c\000c\000e\000l\000e\000r\000o\000m\000e\000t\000e\000r\000s}{subsection.3.5.1}% 33
\BOOKMARK [3][-]{subsubsection.3.5.1.2}{\376\377\0003\000.\0005\000.\0001\000.\0002\000\040\000g\000y\000r\000o\000s}{subsection.3.5.1}% 34
\BOOKMARK [3][-]{subsubsection.3.5.1.3}{\376\377\0003\000.\0005\000.\0001\000.\0003\000\040\000i\0002\000c\000\137\000a\000d\000d\000r\000e\000s\000s}{subsection.3.5.1}% 35
\BOOKMARK [3][-]{subsubsection.3.5.1.4}{\376\377\0003\000.\0005\000.\0001\000.\0004\000\040\000i\0002\000c\000\137\000s\000l\000a\000v\000e\000\137\000a\000d\000d\000r\000e\000s\000s}{subsection.3.5.1}% 36
\BOOKMARK [3][-]{subsubsection.3.5.1.5}{\376\377\0003\000.\0005\000.\0001\000.\0005\000\040\000m\000a\000g\000n\000e\000t\000o\000m\000e\000t\000e\000r\000s}{subsection.3.5.1}% 37
\BOOKMARK [3][-]{subsubsection.3.5.1.6}{\376\377\0003\000.\0005\000.\0001\000.\0006\000\040\000r\000e\000g\000i\000s\000t\000e\000r\000s}{subsection.3.5.1}% 38
\BOOKMARK [3][-]{subsubsection.3.5.1.7}{\376\377\0003\000.\0005\000.\0001\000.\0007\000\040\000t\000e\000m\000p\000e\000r\000a\000t\000u\000r\000e}{subsection.3.5.1}% 39
\BOOKMARK [1][-]{section.3.6}{\376\377\0003\000.\0006\000\040\000L\000i\000s\000t\000\040\000S\000t\000r\000u\000c\000t\000\040\000R\000e\000f\000e\000r\000e\000n\000c\000e}{chapter.3}% 40
\BOOKMARK [2][-]{subsection.3.6.1}{\376\377\0003\000.\0006\000.\0001\000\040\000M\000e\000m\000b\000e\000r\000\040\000D\000a\000t\000a\000\040\000D\000o\000c\000u\000m\000e\000n\000t\000a\000t\000i\000o\000n}{section.3.6}% 41
\BOOKMARK [3][-]{subsubsection.3.6.1.1}{\376\377\0003\000.\0006\000.\0001\000.\0001\000\040\000d\000o\000u\000b\000l\000e\000l\000y\000\137\000l\000i\000n\000k\000e\000d}{subsection.3.6.1}% 42
\BOOKMARK [3][-]{subsubsection.3.6.1.2}{\376\377\0003\000.\0006\000.\0001\000.\0002\000\040\000e\000l\000e\000m\000e\000n\000t\000s}{subsection.3.6.1}% 43
\BOOKMARK [3][-]{subsubsection.3.6.1.3}{\376\377\0003\000.\0006\000.\0001\000.\0003\000\040\000e\000l\000e\000m\000e\000n\000t\000s\000\137\000l\000i\000m\000i\000t}{subsection.3.6.1}% 44
\BOOKMARK [3][-]{subsubsection.3.6.1.4}{\376\377\0003\000.\0006\000.\0001\000.\0004\000\040\000h\000e\000a\000d}{subsection.3.6.1}% 45
\BOOKMARK [1][-]{section.3.7}{\376\377\0003\000.\0007\000\040\000L\000o\000g\000g\000e\000r\000\040\000S\000t\000r\000u\000c\000t\000\040\000R\000e\000f\000e\000r\000e\000n\000c\000e}{chapter.3}% 46
\BOOKMARK [2][-]{subsection.3.7.1}{\376\377\0003\000.\0007\000.\0001\000\040\000M\000e\000m\000b\000e\000r\000\040\000D\000a\000t\000a\000\040\000D\000o\000c\000u\000m\000e\000n\000t\000a\000t\000i\000o\000n}{section.3.7}% 47
\BOOKMARK [3][-]{subsubsection.3.7.1.1}{\376\377\0003\000.\0007\000.\0001\000.\0001\000\040\000c\000l\000o\000s\000e}{subsection.3.7.1}% 48
\BOOKMARK [3][-]{subsubsection.3.7.1.2}{\376\377\0003\000.\0007\000.\0001\000.\0002\000\040\000d\000e\000s\000t\000r\000o\000y}{subsection.3.7.1}% 49
\BOOKMARK [3][-]{subsubsection.3.7.1.3}{\376\377\0003\000.\0007\000.\0001\000.\0003\000\040\000f\000i\000l\000e}{subsection.3.7.1}% 50
\BOOKMARK [3][-]{subsubsection.3.7.1.4}{\376\377\0003\000.\0007\000.\0001\000.\0004\000\040\000f\000i\000l\000e\000n\000a\000m\000e}{subsection.3.7.1}% 51
\BOOKMARK [3][-]{subsubsection.3.7.1.5}{\376\377\0003\000.\0007\000.\0001\000.\0005\000\040\000o\000p\000e\000n}{subsection.3.7.1}% 52
\BOOKMARK [3][-]{subsubsection.3.7.1.6}{\376\377\0003\000.\0007\000.\0001\000.\0006\000\040\000s\000e\000l\000f}{subsection.3.7.1}% 53
\BOOKMARK [3][-]{subsubsection.3.7.1.7}{\376\377\0003\000.\0007\000.\0001\000.\0007\000\040\000t\000e\000r\000m\000i\000n\000a\000t\000i\000o\000n\000\137\000s\000i\000g\000n\000a\000l}{subsection.3.7.1}% 54
\BOOKMARK [3][-]{subsubsection.3.7.1.8}{\376\377\0003\000.\0007\000.\0001\000.\0008\000\040\000t\000h\000r\000e\000a\000d}{subsection.3.7.1}% 55
\BOOKMARK [3][-]{subsubsection.3.7.1.9}{\376\377\0003\000.\0007\000.\0001\000.\0009\000\040\000v\000a\000l\000u\000e\000s\000\137\000r\000e\000a\000d}{subsection.3.7.1}% 56
\BOOKMARK [1][-]{section.3.8}{\376\377\0003\000.\0008\000\040\000m\000o\000d\000u\000l\000e\000\040\000S\000t\000r\000u\000c\000t\000\040\000R\000e\000f\000e\000r\000e\000n\000c\000e}{chapter.3}% 57
\BOOKMARK [2][-]{subsection.3.8.1}{\376\377\0003\000.\0008\000.\0001\000\040\000M\000e\000m\000b\000e\000r\000\040\000D\000a\000t\000a\000\040\000D\000o\000c\000u\000m\000e\000n\000t\000a\000t\000i\000o\000n}{section.3.8}% 58
\BOOKMARK [3][-]{subsubsection.3.8.1.1}{\376\377\0003\000.\0008\000.\0001\000.\0001\000\040\000i\0002\000c}{subsection.3.8.1}% 59
\BOOKMARK [3][-]{subsubsection.3.8.1.2}{\376\377\0003\000.\0008\000.\0001\000.\0002\000\040\000i\000d\000e\000n\000t\000i\000f\000i\000e\000r}{subsection.3.8.1}% 60
\BOOKMARK [3][-]{subsubsection.3.8.1.3}{\376\377\0003\000.\0008\000.\0001\000.\0003\000\040\000i\000n\000i\000t\000i\000a\000l\000i\000z\000e\000d}{subsection.3.8.1}% 61
\BOOKMARK [3][-]{subsubsection.3.8.1.4}{\376\377\0003\000.\0008\000.\0001\000.\0004\000\040\000l\000o\000a\000d\000e\000d}{subsection.3.8.1}% 62
\BOOKMARK [3][-]{subsubsection.3.8.1.5}{\376\377\0003\000.\0008\000.\0001\000.\0005\000\040\000n\000\137\000p\000i\000n\000s}{subsection.3.8.1}% 63
\BOOKMARK [3][-]{subsubsection.3.8.1.6}{\376\377\0003\000.\0008\000.\0001\000.\0006\000\040\000p\000i\000n\000s}{subsection.3.8.1}% 64
\BOOKMARK [3][-]{subsubsection.3.8.1.7}{\376\377\0003\000.\0008\000.\0001\000.\0007\000\040\000u\000a\000r\000t}{subsection.3.8.1}% 65
\BOOKMARK [1][-]{section.3.9}{\376\377\0003\000.\0009\000\040\000N\000o\000d\000e\000\040\000S\000t\000r\000u\000c\000t\000\040\000R\000e\000f\000e\000r\000e\000n\000c\000e}{chapter.3}% 66
\BOOKMARK [2][-]{subsection.3.9.1}{\376\377\0003\000.\0009\000.\0001\000\040\000M\000e\000m\000b\000e\000r\000\040\000D\000a\000t\000a\000\040\000D\000o\000c\000u\000m\000e\000n\000t\000a\000t\000i\000o\000n}{section.3.9}% 67
\BOOKMARK [3][-]{subsubsection.3.9.1.1}{\376\377\0003\000.\0009\000.\0001\000.\0001\000\040\000@\0003}{subsection.3.9.1}% 68
\BOOKMARK [3][-]{subsubsection.3.9.1.2}{\376\377\0003\000.\0009\000.\0001\000.\0002\000\040\000@\0005}{subsection.3.9.1}% 69
\BOOKMARK [3][-]{subsubsection.3.9.1.3}{\376\377\0003\000.\0009\000.\0001\000.\0003\000\040\000c\000h\000i\000l\000d}{subsection.3.9.1}% 70
\BOOKMARK [3][-]{subsubsection.3.9.1.4}{\376\377\0003\000.\0009\000.\0001\000.\0004\000\040\000l\000e\000f\000t}{subsection.3.9.1}% 71
\BOOKMARK [3][-]{subsubsection.3.9.1.5}{\376\377\0003\000.\0009\000.\0001\000.\0005\000\040\000n\000e\000x\000t}{subsection.3.9.1}% 72
\BOOKMARK [3][-]{subsubsection.3.9.1.6}{\376\377\0003\000.\0009\000.\0001\000.\0006\000\040\000p\000r\000e\000v}{subsection.3.9.1}% 73
\BOOKMARK [3][-]{subsubsection.3.9.1.7}{\376\377\0003\000.\0009\000.\0001\000.\0007\000\040\000r\000i\000g\000h\000t}{subsection.3.9.1}% 74
\BOOKMARK [3][-]{subsubsection.3.9.1.8}{\376\377\0003\000.\0009\000.\0001\000.\0008\000\040\000v\000a\000l\000u\000e}{subsection.3.9.1}% 75
\BOOKMARK [1][-]{section.3.10}{\376\377\0003\000.\0001\0000\000\040\000p\000i\000n\000\040\000S\000t\000r\000u\000c\000t\000\040\000R\000e\000f\000e\000r\000e\000n\000c\000e}{chapter.3}% 76
\BOOKMARK [2][-]{subsection.3.10.1}{\376\377\0003\000.\0001\0000\000.\0001\000\040\000M\000e\000m\000b\000e\000r\000\040\000D\000a\000t\000a\000\040\000D\000o\000c\000u\000m\000e\000n\000t\000a\000t\000i\000o\000n}{section.3.10}% 77
\BOOKMARK [3][-]{subsubsection.3.10.1.1}{\376\377\0003\000.\0001\0000\000.\0001\000.\0001\000\040\000@\0001}{subsection.3.10.1}% 78
\BOOKMARK [3][-]{subsubsection.3.10.1.2}{\376\377\0003\000.\0001\0000\000.\0001\000.\0002\000\040\000d\000u\000t\000y\000\137\000c\000y\000c\000l\000e}{subsection.3.10.1}% 79
\BOOKMARK [3][-]{subsubsection.3.10.1.3}{\376\377\0003\000.\0001\0000\000.\0001\000.\0003\000\040\000l\000o\000g\000i\000c\000a\000l}{subsection.3.10.1}% 80
\BOOKMARK [3][-]{subsubsection.3.10.1.4}{\376\377\0003\000.\0001\0000\000.\0001\000.\0004\000\040\000p\000h\000y\000s\000i\000c\000a\000l}{subsection.3.10.1}% 81
\BOOKMARK [3][-]{subsubsection.3.10.1.5}{\376\377\0003\000.\0001\0000\000.\0001\000.\0005\000\040\000s\000t\000a\000t\000e}{subsection.3.10.1}% 82
\BOOKMARK [3][-]{subsubsection.3.10.1.6}{\376\377\0003\000.\0001\0000\000.\0001\000.\0006\000\040\000v\000o\000l\000t\000a\000g\000e}{subsection.3.10.1}% 83
\BOOKMARK [1][-]{section.3.11}{\376\377\0003\000.\0001\0001\000\040\000P\000l\000o\000t\000\040\000S\000t\000r\000u\000c\000t\000\040\000R\000e\000f\000e\000r\000e\000n\000c\000e}{chapter.3}% 84
\BOOKMARK [2][-]{subsection.3.11.1}{\376\377\0003\000.\0001\0001\000.\0001\000\040\000M\000e\000m\000b\000e\000r\000\040\000D\000a\000t\000a\000\040\000D\000o\000c\000u\000m\000e\000n\000t\000a\000t\000i\000o\000n}{section.3.11}% 85
\BOOKMARK [3][-]{subsubsection.3.11.1.1}{\376\377\0003\000.\0001\0001\000.\0001\000.\0001\000\040\000h\000a\000s\000\137\000d\000a\000t\000a}{subsection.3.11.1}% 86
\BOOKMARK [3][-]{subsubsection.3.11.1.2}{\376\377\0003\000.\0001\0001\000.\0001\000.\0002\000\040\000l\000i\000s\000t\000s}{subsection.3.11.1}% 87
\BOOKMARK [3][-]{subsubsection.3.11.1.3}{\376\377\0003\000.\0001\0001\000.\0001\000.\0003\000\040\000m\000a\000x\000\137\000v\000a\000l\000u\000e}{subsection.3.11.1}% 88
\BOOKMARK [3][-]{subsubsection.3.11.1.4}{\376\377\0003\000.\0001\0001\000.\0001\000.\0004\000\040\000m\000i\000n\000\137\000v\000a\000l\000u\000e}{subsection.3.11.1}% 89
\BOOKMARK [3][-]{subsubsection.3.11.1.5}{\376\377\0003\000.\0001\0001\000.\0001\000.\0005\000\040\000n\000a\000m\000e}{subsection.3.11.1}% 90
\BOOKMARK [3][-]{subsubsection.3.11.1.6}{\376\377\0003\000.\0001\0001\000.\0001\000.\0006\000\040\000n\000u\000m\000b\000e\000r\000\137\000o\000f\000\137\000l\000i\000s\000t\000s}{subsection.3.11.1}% 91
\BOOKMARK [1][-]{section.3.12}{\376\377\0003\000.\0001\0002\000\040\000p\000r\000i\000n\000t\000\137\000v\000i\000e\000w\000\040\000S\000t\000r\000u\000c\000t\000\040\000R\000e\000f\000e\000r\000e\000n\000c\000e}{chapter.3}% 92
\BOOKMARK [2][-]{subsection.3.12.1}{\376\377\0003\000.\0001\0002\000.\0001\000\040\000M\000e\000m\000b\000e\000r\000\040\000D\000a\000t\000a\000\040\000D\000o\000c\000u\000m\000e\000n\000t\000a\000t\000i\000o\000n}{section.3.12}% 93
\BOOKMARK [3][-]{subsubsection.3.12.1.1}{\376\377\0003\000.\0001\0002\000.\0001\000.\0001\000\040\000c\000o\000l\000o\000r\000s}{subsection.3.12.1}% 94
\BOOKMARK [3][-]{subsubsection.3.12.1.2}{\376\377\0003\000.\0001\0002\000.\0001\000.\0002\000\040\000c\000u\000r\000r\000e\000n\000t\000\137\000v\000i\000e\000w\000\137\000l\000i\000n\000e}{subsection.3.12.1}% 95
\BOOKMARK [3][-]{subsubsection.3.12.1.3}{\376\377\0003\000.\0001\0002\000.\0001\000.\0003\000\040\000l\000i\000n\000e\000s}{subsection.3.12.1}% 96
\BOOKMARK [3][-]{subsubsection.3.12.1.4}{\376\377\0003\000.\0001\0002\000.\0001\000.\0004\000\040\000n\000u\000m\000b\000e\000r\000\137\000l\000i\000n\000e\000s\000\137\000p\000r\000i\000n\000t\000e\000d}{subsection.3.12.1}% 97
\BOOKMARK [3][-]{subsubsection.3.12.1.5}{\376\377\0003\000.\0001\0002\000.\0001\000.\0005\000\040\000n\000u\000m\000b\000e\000r\000\137\000o\000f\000\137\000l\000i\000n\000e\000s}{subsection.3.12.1}% 98
\BOOKMARK [3][-]{subsubsection.3.12.1.6}{\376\377\0003\000.\0001\0002\000.\0001\000.\0006\000\040\000v\000i\000e\000w}{subsection.3.12.1}% 99
\BOOKMARK [1][-]{section.3.13}{\376\377\0003\000.\0001\0003\000\040\000S\000e\000l\000e\000c\000t\000o\000r\000\040\000S\000t\000r\000u\000c\000t\000\040\000R\000e\000f\000e\000r\000e\000n\000c\000e}{chapter.3}% 100
\BOOKMARK [2][-]{subsection.3.13.1}{\376\377\0003\000.\0001\0003\000.\0001\000\040\000M\000e\000m\000b\000e\000r\000\040\000D\000a\000t\000a\000\040\000D\000o\000c\000u\000m\000e\000n\000t\000a\000t\000i\000o\000n}{section.3.13}% 101
\BOOKMARK [3][-]{subsubsection.3.13.1.1}{\376\377\0003\000.\0001\0003\000.\0001\000.\0001\000\040\000e\000n\000t\000r\000i\000e\000s}{subsection.3.13.1}% 102
\BOOKMARK [3][-]{subsubsection.3.13.1.2}{\376\377\0003\000.\0001\0003\000.\0001\000.\0002\000\040\000p\000a\000r\000e\000n\000t}{subsection.3.13.1}% 103
\BOOKMARK [3][-]{subsubsection.3.13.1.3}{\376\377\0003\000.\0001\0003\000.\0001\000.\0003\000\040\000t\000i\000t\000l\000e}{subsection.3.13.1}% 104
\BOOKMARK [1][-]{section.3.14}{\376\377\0003\000.\0001\0004\000\040\000s\000e\000t\000u\000p\000\137\000v\000i\000e\000w\000\040\000S\000t\000r\000u\000c\000t\000\040\000R\000e\000f\000e\000r\000e\000n\000c\000e}{chapter.3}% 105
\BOOKMARK [2][-]{subsection.3.14.1}{\376\377\0003\000.\0001\0004\000.\0001\000\040\000M\000e\000m\000b\000e\000r\000\040\000D\000a\000t\000a\000\040\000D\000o\000c\000u\000m\000e\000n\000t\000a\000t\000i\000o\000n}{section.3.14}% 106
\BOOKMARK [3][-]{subsubsection.3.14.1.1}{\376\377\0003\000.\0001\0004\000.\0001\000.\0001\000\040\000v\000i\000e\000w}{subsection.3.14.1}% 107
\BOOKMARK [1][-]{section.3.15}{\376\377\0003\000.\0001\0005\000\040\000V\000i\000e\000w\000\040\000S\000t\000r\000u\000c\000t\000\040\000R\000e\000f\000e\000r\000e\000n\000c\000e}{chapter.3}% 108
\BOOKMARK [2][-]{subsection.3.15.1}{\376\377\0003\000.\0001\0005\000.\0001\000\040\000M\000e\000m\000b\000e\000r\000\040\000D\000a\000t\000a\000\040\000D\000o\000c\000u\000m\000e\000n\000t\000a\000t\000i\000o\000n}{section.3.15}% 109
\BOOKMARK [3][-]{subsubsection.3.15.1.1}{\376\377\0003\000.\0001\0005\000.\0001\000.\0001\000\040\000i\000n\000n\000e\000r\000\137\000h\000e\000i\000g\000h\000t}{subsection.3.15.1}% 110
\BOOKMARK [3][-]{subsubsection.3.15.1.2}{\376\377\0003\000.\0001\0005\000.\0001\000.\0002\000\040\000i\000n\000n\000e\000r\000\137\000w\000i\000d\000t\000h}{subsection.3.15.1}% 111
\BOOKMARK [3][-]{subsubsection.3.15.1.3}{\376\377\0003\000.\0001\0005\000.\0001\000.\0003\000\040\000o\000u\000t\000e\000r\000\137\000h\000e\000i\000g\000h\000t}{subsection.3.15.1}% 112
\BOOKMARK [3][-]{subsubsection.3.15.1.4}{\376\377\0003\000.\0001\0005\000.\0001\000.\0004\000\040\000o\000u\000t\000e\000r\000\137\000w\000i\000d\000t\000h}{subsection.3.15.1}% 113
\BOOKMARK [3][-]{subsubsection.3.15.1.5}{\376\377\0003\000.\0001\0005\000.\0001\000.\0005\000\040\000w\000i\000n\000d\000o\000w}{subsection.3.15.1}% 114
\BOOKMARK [0][-]{chapter.4}{\376\377\0004\000\040\000F\000i\000l\000e\000\040\000D\000o\000c\000u\000m\000e\000n\000t\000a\000t\000i\000o\000n}{}% 115
\BOOKMARK [1][-]{section.4.1}{\376\377\0004\000.\0001\000\040\000c\000o\000l\000o\000r\000s\000.\000h\000\040\000F\000i\000l\000e\000\040\000R\000e\000f\000e\000r\000e\000n\000c\000e}{chapter.4}% 116
\BOOKMARK [2][-]{subsection.4.1.1}{\376\377\0004\000.\0001\000.\0001\000\040\000M\000a\000c\000r\000o\000\040\000D\000e\000f\000i\000n\000i\000t\000i\000o\000n\000\040\000D\000o\000c\000u\000m\000e\000n\000t\000a\000t\000i\000o\000n}{section.4.1}% 117
\BOOKMARK [3][-]{subsubsection.4.1.1.1}{\376\377\0004\000.\0001\000.\0001\000.\0001\000\040\000B\000L\000U\000E}{subsection.4.1.1}% 118
\BOOKMARK [3][-]{subsubsection.4.1.1.2}{\376\377\0004\000.\0001\000.\0001\000.\0002\000\040\000C\000O\000N\000S\000O\000L\000E\000\137\000B\000L\000U\000E}{subsection.4.1.1}% 119
\BOOKMARK [3][-]{subsubsection.4.1.1.3}{\376\377\0004\000.\0001\000.\0001\000.\0003\000\040\000C\000O\000N\000S\000O\000L\000E\000\137\000C\000Y\000A\000N}{subsection.4.1.1}% 120
\BOOKMARK [3][-]{subsubsection.4.1.1.4}{\376\377\0004\000.\0001\000.\0001\000.\0004\000\040\000C\000O\000N\000S\000O\000L\000E\000\137\000G\000R\000A\000Y}{subsection.4.1.1}% 121
\BOOKMARK [3][-]{subsubsection.4.1.1.5}{\376\377\0004\000.\0001\000.\0001\000.\0005\000\040\000C\000O\000N\000S\000O\000L\000E\000\137\000G\000R\000E\000E\000N}{subsection.4.1.1}% 122
\BOOKMARK [3][-]{subsubsection.4.1.1.6}{\376\377\0004\000.\0001\000.\0001\000.\0006\000\040\000C\000O\000N\000S\000O\000L\000E\000\137\000M\000A\000G\000E\000N\000T\000A}{subsection.4.1.1}% 123
\BOOKMARK [3][-]{subsubsection.4.1.1.7}{\376\377\0004\000.\0001\000.\0001\000.\0007\000\040\000C\000O\000N\000S\000O\000L\000E\000\137\000R\000E\000D}{subsection.4.1.1}% 124
\BOOKMARK [3][-]{subsubsection.4.1.1.8}{\376\377\0004\000.\0001\000.\0001\000.\0008\000\040\000C\000O\000N\000S\000O\000L\000E\000\137\000R\000E\000S\000E\000T}{subsection.4.1.1}% 125
\BOOKMARK [3][-]{subsubsection.4.1.1.9}{\376\377\0004\000.\0001\000.\0001\000.\0009\000\040\000C\000O\000N\000S\000O\000L\000E\000\137\000Y\000E\000L\000L\000O\000W}{subsection.4.1.1}% 126
\BOOKMARK [3][-]{subsubsection.4.1.1.10}{\376\377\0004\000.\0001\000.\0001\000.\0001\0000\000\040\000D\000I\000M}{subsection.4.1.1}% 127
\BOOKMARK [3][-]{subsubsection.4.1.1.11}{\376\377\0004\000.\0001\000.\0001\000.\0001\0001\000\040\000G\000R\000E\000E\000N}{subsection.4.1.1}% 128
\BOOKMARK [3][-]{subsubsection.4.1.1.12}{\376\377\0004\000.\0001\000.\0001\000.\0001\0002\000\040\000G\000R\000E\000Y}{subsection.4.1.1}% 129
\BOOKMARK [3][-]{subsubsection.4.1.1.13}{\376\377\0004\000.\0001\000.\0001\000.\0001\0003\000\040\000P\000U\000R\000P\000L\000E}{subsection.4.1.1}% 130
\BOOKMARK [3][-]{subsubsection.4.1.1.14}{\376\377\0004\000.\0001\000.\0001\000.\0001\0004\000\040\000R\000E\000D}{subsection.4.1.1}% 131
\BOOKMARK [3][-]{subsubsection.4.1.1.15}{\376\377\0004\000.\0001\000.\0001\000.\0001\0005\000\040\000R\000E\000S\000E\000T}{subsection.4.1.1}% 132
\BOOKMARK [3][-]{subsubsection.4.1.1.16}{\376\377\0004\000.\0001\000.\0001\000.\0001\0006\000\040\000U\000N\000D\000I\000M}{subsection.4.1.1}% 133
\BOOKMARK [3][-]{subsubsection.4.1.1.17}{\376\377\0004\000.\0001\000.\0001\000.\0001\0007\000\040\000Y\000E\000L\000L\000O\000W}{subsection.4.1.1}% 134
\BOOKMARK [1][-]{section.4.2}{\376\377\0004\000.\0002\000\040\000e\000r\000r\000o\000r\000.\000c\000\040\000F\000i\000l\000e\000\040\000R\000e\000f\000e\000r\000e\000n\000c\000e}{chapter.4}% 135
\BOOKMARK [2][-]{subsection.4.2.1}{\376\377\0004\000.\0002\000.\0001\000\040\000F\000u\000n\000c\000t\000i\000o\000n\000\040\000D\000o\000c\000u\000m\000e\000n\000t\000a\000t\000i\000o\000n}{section.4.2}% 136
\BOOKMARK [3][-]{subsubsection.4.2.1.1}{\376\377\0004\000.\0002\000.\0001\000.\0001\000\040\000e\000x\000i\000t\000\137\000p\000r\000i\000n\000t\000i\000n\000g\000\050\000\051}{subsection.4.2.1}% 137
\BOOKMARK [1][-]{section.4.3}{\376\377\0004\000.\0003\000\040\000e\000r\000r\000o\000r\000.\000h\000\040\000F\000i\000l\000e\000\040\000R\000e\000f\000e\000r\000e\000n\000c\000e}{chapter.4}% 138
\BOOKMARK [2][-]{subsection.4.3.1}{\376\377\0004\000.\0003\000.\0001\000\040\000M\000a\000c\000r\000o\000\040\000D\000e\000f\000i\000n\000i\000t\000i\000o\000n\000\040\000D\000o\000c\000u\000m\000e\000n\000t\000a\000t\000i\000o\000n}{section.4.3}% 139
\BOOKMARK [3][-]{subsubsection.4.3.1.1}{\376\377\0004\000.\0003\000.\0001\000.\0001\000\040\000E\000R\000R\000O\000R\000\137\000L\000I\000B\000R\000A\000R\000Y\000\137\000F\000A\000I\000L\000U\000R\000E}{subsection.4.3.1}% 140
\BOOKMARK [3][-]{subsubsection.4.3.1.2}{\376\377\0004\000.\0003\000.\0001\000.\0002\000\040\000E\000R\000R\000O\000R\000\137\000O\000S\000\137\000F\000A\000I\000L\000U\000R\000E}{subsection.4.3.1}% 141
\BOOKMARK [3][-]{subsubsection.4.3.1.3}{\376\377\0004\000.\0003\000.\0001\000.\0003\000\040\000E\000R\000R\000O\000R\000\137\000P\000R\000O\000G\000R\000A\000M\000M\000E\000R}{subsection.4.3.1}% 142
\BOOKMARK [2][-]{subsection.4.3.2}{\376\377\0004\000.\0003\000.\0002\000\040\000F\000u\000n\000c\000t\000i\000o\000n\000\040\000D\000o\000c\000u\000m\000e\000n\000t\000a\000t\000i\000o\000n}{section.4.3}% 143
\BOOKMARK [3][-]{subsubsection.4.3.2.1}{\376\377\0004\000.\0003\000.\0002\000.\0001\000\040\000e\000x\000i\000t\000\137\000p\000r\000i\000n\000t\000i\000n\000g\000\050\000\051}{subsection.4.3.2}% 144
\BOOKMARK [1][-]{section.4.4}{\376\377\0004\000.\0004\000\040\000f\000e\000m\000t\000a\000.\000c\000\040\000F\000i\000l\000e\000\040\000R\000e\000f\000e\000r\000e\000n\000c\000e}{chapter.4}% 145
\BOOKMARK [2][-]{subsection.4.4.1}{\376\377\0004\000.\0004\000.\0001\000\040\000M\000a\000c\000r\000o\000\040\000D\000e\000f\000i\000n\000i\000t\000i\000o\000n\000\040\000D\000o\000c\000u\000m\000e\000n\000t\000a\000t\000i\000o\000n}{section.4.4}% 146
\BOOKMARK [3][-]{subsubsection.4.4.1.1}{\376\377\0004\000.\0004\000.\0001\000.\0001\000\040\000I\0002\000C\000\137\000S\000T\000A\000T\000E}{subsection.4.4.1}% 147
\BOOKMARK [3][-]{subsubsection.4.4.1.2}{\376\377\0004\000.\0004\000.\0001\000.\0002\000\040\000N\000U\000M\000B\000E\000R\000\137\000O\000F\000\137\000M\000O\000D\000U\000L\000E\000S}{subsection.4.4.1}% 148
\BOOKMARK [3][-]{subsubsection.4.4.1.3}{\376\377\0004\000.\0004\000.\0001\000.\0003\000\040\000U\000A\000R\000T\000\137\000S\000T\000A\000T\000E}{subsection.4.4.1}% 149
\BOOKMARK [2][-]{subsection.4.4.2}{\376\377\0004\000.\0004\000.\0002\000\040\000F\000u\000n\000c\000t\000i\000o\000n\000\040\000D\000o\000c\000u\000m\000e\000n\000t\000a\000t\000i\000o\000n}{section.4.4}% 150
\BOOKMARK [3][-]{subsubsection.4.4.2.1}{\376\377\0004\000.\0004\000.\0002\000.\0001\000\040\000c\000h\000e\000c\000k\000\137\000i\000f\000\137\000r\000e\000a\000d\000a\000b\000l\000e\000\050\000\051}{subsection.4.4.2}% 151
\BOOKMARK [3][-]{subsubsection.4.4.2.2}{\376\377\0004\000.\0004\000.\0002\000.\0002\000\040\000c\000h\000e\000c\000k\000\137\000i\000f\000\137\000w\000r\000i\000t\000e\000a\000b\000l\000e\000\050\000\051}{subsection.4.4.2}% 152
\BOOKMARK [3][-]{subsubsection.4.4.2.3}{\376\377\0004\000.\0004\000.\0002\000.\0003\000\040\000i\000n\000i\000t\000i\000a\000l\000i\000z\000e\000\137\000p\000i\000n\000\050\000\051}{subsection.4.4.2}% 153
\BOOKMARK [3][-]{subsubsection.4.4.2.4}{\376\377\0004\000.\0004\000.\0002\000.\0004\000\040\000i\000n\000i\000t\000i\000a\000l\000i\000z\000e\000\137\000s\000a\000t\000e\000l\000l\000i\000t\000e\000\050\000\051}{subsection.4.4.2}% 154
\BOOKMARK [3][-]{subsubsection.4.4.2.5}{\376\377\0004\000.\0004\000.\0002\000.\0005\000\040\000m\000a\000i\000n\000\050\000\051}{subsection.4.4.2}% 155
\BOOKMARK [3][-]{subsubsection.4.4.2.6}{\376\377\0004\000.\0004\000.\0002\000.\0006\000\040\000p\000r\000i\000n\000t\000\137\000c\000o\000n\000f\000i\000g\000u\000r\000a\000t\000i\000o\000n\000\050\000\051}{subsection.4.4.2}% 156
\BOOKMARK [3][-]{subsubsection.4.4.2.7}{\376\377\0004\000.\0004\000.\0002\000.\0007\000\040\000r\000e\000a\000d\000\137\000v\000o\000l\000t\000a\000g\000e\000\050\000\051}{subsection.4.4.2}% 157
\BOOKMARK [3][-]{subsubsection.4.4.2.8}{\376\377\0004\000.\0004\000.\0002\000.\0008\000\040\000s\000e\000t\000\137\000p\000w\000m\000\050\000\051}{subsection.4.4.2}% 158
\BOOKMARK [3][-]{subsubsection.4.4.2.9}{\376\377\0004\000.\0004\000.\0002\000.\0009\000\040\000s\000e\000t\000\137\000v\000o\000l\000t\000a\000g\000e\000\050\000\051}{subsection.4.4.2}% 159
\BOOKMARK [3][-]{subsubsection.4.4.2.10}{\376\377\0004\000.\0004\000.\0002\000.\0001\0000\000\040\000t\000e\000r\000m\000i\000n\000a\000t\000e\000\137\000s\000a\000t\000e\000l\000l\000i\000t\000e\000\050\000\051}{subsection.4.4.2}% 160
\BOOKMARK [1][-]{section.4.5}{\376\377\0004\000.\0005\000\040\000f\000e\000m\000t\000a\000.\000h\000\040\000F\000i\000l\000e\000\040\000R\000e\000f\000e\000r\000e\000n\000c\000e}{chapter.4}% 161
\BOOKMARK [2][-]{subsection.4.5.1}{\376\377\0004\000.\0005\000.\0001\000\040\000T\000y\000p\000e\000d\000e\000f\000\040\000D\000o\000c\000u\000m\000e\000n\000t\000a\000t\000i\000o\000n}{section.4.5}% 162
\BOOKMARK [3][-]{subsubsection.4.5.1.1}{\376\377\0004\000.\0005\000.\0001\000.\0001\000\040\000I\0002\000C}{subsection.4.5.1}% 163
\BOOKMARK [3][-]{subsubsection.4.5.1.2}{\376\377\0004\000.\0005\000.\0001\000.\0002\000\040\000m\000o\000d\000u\000l\000e}{subsection.4.5.1}% 164
\BOOKMARK [3][-]{subsubsection.4.5.1.3}{\376\377\0004\000.\0005\000.\0001\000.\0003\000\040\000p\000i\000n}{subsection.4.5.1}% 165
\BOOKMARK [3][-]{subsubsection.4.5.1.4}{\376\377\0004\000.\0005\000.\0001\000.\0004\000\040\000U\000A\000R\000T}{subsection.4.5.1}% 166
\BOOKMARK [2][-]{subsection.4.5.2}{\376\377\0004\000.\0005\000.\0002\000\040\000F\000u\000n\000c\000t\000i\000o\000n\000\040\000D\000o\000c\000u\000m\000e\000n\000t\000a\000t\000i\000o\000n}{section.4.5}% 167
\BOOKMARK [3][-]{subsubsection.4.5.2.1}{\376\377\0004\000.\0005\000.\0002\000.\0001\000\040\000s\000e\000t\000\137\000v\000o\000l\000t\000a\000g\000e\000\050\000\051}{subsection.4.5.2}% 168
\BOOKMARK [2][-]{subsection.4.5.3}{\376\377\0004\000.\0005\000.\0003\000\040\000V\000a\000r\000i\000a\000b\000l\000e\000\040\000D\000o\000c\000u\000m\000e\000n\000t\000a\000t\000i\000o\000n}{section.4.5}% 169
\BOOKMARK [3][-]{subsubsection.4.5.3.1}{\376\377\0004\000.\0005\000.\0003\000.\0001\000\040\000F\000E\000M\000T\000A}{subsection.4.5.3}% 170
\BOOKMARK [3][-]{subsubsection.4.5.3.2}{\376\377\0004\000.\0005\000.\0003\000.\0002\000\040\000m\000o\000d\000u\000l\000e\000s}{subsection.4.5.3}% 171
\BOOKMARK [3][-]{subsubsection.4.5.3.3}{\376\377\0004\000.\0005\000.\0003\000.\0003\000\040\000M\000P\000U}{subsection.4.5.3}% 172
\BOOKMARK [3][-]{subsubsection.4.5.3.4}{\376\377\0004\000.\0005\000.\0003\000.\0004\000\040\000s\000t\000a\000r\000t\000\137\000t\000i\000m\000e}{subsection.4.5.3}% 173
\BOOKMARK [3][-]{subsubsection.4.5.3.5}{\376\377\0004\000.\0005\000.\0003\000.\0005\000\040\000V\000a\000l\000v\000e}{subsection.4.5.3}% 174
\BOOKMARK [1][-]{section.4.6}{\376\377\0004\000.\0006\000\040\000g\000r\000a\000p\000h\000i\000c\000s\000.\000c\000\040\000F\000i\000l\000e\000\040\000R\000e\000f\000e\000r\000e\000n\000c\000e}{chapter.4}% 175
\BOOKMARK [2][-]{subsection.4.6.1}{\376\377\0004\000.\0006\000.\0001\000\040\000M\000a\000c\000r\000o\000\040\000D\000e\000f\000i\000n\000i\000t\000i\000o\000n\000\040\000D\000o\000c\000u\000m\000e\000n\000t\000a\000t\000i\000o\000n}{section.4.6}% 176
\BOOKMARK [3][-]{subsubsection.4.6.1.1}{\376\377\0004\000.\0006\000.\0001\000.\0001\000\040\000I\0002\000C\000\137\000S\000T\000A\000T\000E}{subsection.4.6.1}% 177
\BOOKMARK [3][-]{subsubsection.4.6.1.2}{\376\377\0004\000.\0006\000.\0001\000.\0002\000\040\000N\000U\000M\000B\000E\000R\000\137\000O\000F\000\137\000G\000R\000A\000P\000H\000\137\000V\000I\000E\000W\000S}{subsection.4.6.1}% 178
\BOOKMARK [3][-]{subsubsection.4.6.1.3}{\376\377\0004\000.\0006\000.\0001\000.\0003\000\040\000N\000U\000M\000B\000E\000R\000\137\000O\000F\000\137\000M\000O\000D\000U\000L\000E\000S}{subsection.4.6.1}% 179
\BOOKMARK [3][-]{subsubsection.4.6.1.4}{\376\377\0004\000.\0006\000.\0001\000.\0004\000\040\000N\000U\000M\000B\000E\000R\000\137\000O\000F\000\137\000P\000R\000I\000N\000T\000\137\000V\000I\000E\000W\000S}{subsection.4.6.1}% 180
\BOOKMARK [3][-]{subsubsection.4.6.1.5}{\376\377\0004\000.\0006\000.\0001\000.\0005\000\040\000N\000U\000M\000B\000E\000R\000\137\000O\000F\000\137\000S\000E\000T\000U\000P\000\137\000V\000I\000E\000W\000S}{subsection.4.6.1}% 181
\BOOKMARK [3][-]{subsubsection.4.6.1.6}{\376\377\0004\000.\0006\000.\0001\000.\0006\000\040\000U\000A\000R\000T\000\137\000S\000T\000A\000T\000E}{subsection.4.6.1}% 182
\BOOKMARK [2][-]{subsection.4.6.2}{\376\377\0004\000.\0006\000.\0002\000\040\000F\000u\000n\000c\000t\000i\000o\000n\000\040\000D\000o\000c\000u\000m\000e\000n\000t\000a\000t\000i\000o\000n}{section.4.6}% 183
\BOOKMARK [3][-]{subsubsection.4.6.2.1}{\376\377\0004\000.\0006\000.\0002\000.\0001\000\040\000c\000l\000e\000a\000r\000\137\000p\000r\000i\000n\000t\000\137\000w\000i\000n\000d\000o\000w\000\050\000\051}{subsection.4.6.2}% 184
\BOOKMARK [3][-]{subsubsection.4.6.2.2}{\376\377\0004\000.\0006\000.\0002\000.\0002\000\040\000c\000r\000e\000a\000t\000e\000\137\000p\000l\000o\000t\000\050\000\051}{subsection.4.6.2}% 185
\BOOKMARK [3][-]{subsubsection.4.6.2.3}{\376\377\0004\000.\0006\000.\0002\000.\0003\000\040\000e\000r\000a\000s\000e\000\137\000p\000r\000i\000n\000t\000\137\000w\000i\000n\000d\000o\000w\000\050\000\051}{subsection.4.6.2}% 186
\BOOKMARK [3][-]{subsubsection.4.6.2.4}{\376\377\0004\000.\0006\000.\0002\000.\0004\000\040\000g\000r\000a\000p\000h\000\137\000p\000l\000o\000t\000\050\000\051}{subsection.4.6.2}% 187
\BOOKMARK [3][-]{subsubsection.4.6.2.5}{\376\377\0004\000.\0006\000.\0002\000.\0005\000\040\000i\000n\000i\000t\000i\000a\000l\000i\000z\000e\000\137\000g\000r\000a\000p\000h\000i\000c\000s\000\050\000\051}{subsection.4.6.2}% 188
\BOOKMARK [3][-]{subsubsection.4.6.2.6}{\376\377\0004\000.\0006\000.\0002\000.\0006\000\040\000p\000l\000o\000t\000\137\000a\000d\000d\000\137\000v\000a\000l\000u\000e\000\050\000\051}{subsection.4.6.2}% 189
\BOOKMARK [3][-]{subsubsection.4.6.2.7}{\376\377\0004\000.\0006\000.\0002\000.\0007\000\040\000p\000r\000i\000n\000t\000\050\000\051}{subsection.4.6.2}% 190
\BOOKMARK [3][-]{subsubsection.4.6.2.8}{\376\377\0004\000.\0006\000.\0002\000.\0008\000\040\000p\000r\000i\000n\000t\000\137\000w\000i\000n\000d\000o\000w\000\137\000t\000i\000t\000l\000e\000\050\000\051\000\040\000[\0001\000/\0002\000]}{subsection.4.6.2}% 191
\BOOKMARK [3][-]{subsubsection.4.6.2.9}{\376\377\0004\000.\0006\000.\0002\000.\0009\000\040\000p\000r\000i\000n\000t\000\137\000w\000i\000n\000d\000o\000w\000\137\000t\000i\000t\000l\000e\000\050\000\051\000\040\000[\0002\000/\0002\000]}{subsection.4.6.2}% 192
\BOOKMARK [3][-]{subsubsection.4.6.2.10}{\376\377\0004\000.\0006\000.\0002\000.\0001\0000\000\040\000t\000e\000r\000m\000i\000n\000a\000t\000e\000\137\000g\000r\000a\000p\000h\000i\000c\000s\000\050\000\051}{subsection.4.6.2}% 193
\BOOKMARK [3][-]{subsubsection.4.6.2.11}{\376\377\0004\000.\0006\000.\0002\000.\0001\0001\000\040\000u\000p\000d\000a\000t\000e\000\137\000s\000t\000a\000t\000e\000\137\000g\000r\000a\000p\000h\000i\000c\000\050\000\051}{subsection.4.6.2}% 194
\BOOKMARK [2][-]{subsection.4.6.3}{\376\377\0004\000.\0006\000.\0003\000\040\000V\000a\000r\000i\000a\000b\000l\000e\000\040\000D\000o\000c\000u\000m\000e\000n\000t\000a\000t\000i\000o\000n}{section.4.6}% 195
\BOOKMARK [3][-]{subsubsection.4.6.3.1}{\376\377\0004\000.\0006\000.\0003\000.\0001\000\040\000g\000r\000a\000p\000h\000\137\000v\000i\000e\000w\000s}{subsection.4.6.3}% 196
\BOOKMARK [3][-]{subsubsection.4.6.3.2}{\376\377\0004\000.\0006\000.\0003\000.\0002\000\040\000p\000r\000i\000n\000t\000\137\000v\000i\000e\000w\000s}{subsection.4.6.3}% 197
\BOOKMARK [3][-]{subsubsection.4.6.3.3}{\376\377\0004\000.\0006\000.\0003\000.\0003\000\040\000r\000e\000a\000d\000y\000\137\000t\000o\000\137\000g\000r\000a\000p\000h}{subsection.4.6.3}% 198
\BOOKMARK [3][-]{subsubsection.4.6.3.4}{\376\377\0004\000.\0006\000.\0003\000.\0004\000\040\000s\000e\000t\000u\000p\000\137\000v\000i\000e\000w\000s}{subsection.4.6.3}% 199
\BOOKMARK [1][-]{section.4.7}{\376\377\0004\000.\0007\000\040\000g\000r\000a\000p\000h\000i\000c\000s\000.\000h\000\040\000F\000i\000l\000e\000\040\000R\000e\000f\000e\000r\000e\000n\000c\000e}{chapter.4}% 200
\BOOKMARK [2][-]{subsection.4.7.1}{\376\377\0004\000.\0007\000.\0001\000\040\000M\000a\000c\000r\000o\000\040\000D\000e\000f\000i\000n\000i\000t\000i\000o\000n\000\040\000D\000o\000c\000u\000m\000e\000n\000t\000a\000t\000i\000o\000n}{section.4.7}% 201
\BOOKMARK [3][-]{subsubsection.4.7.1.1}{\376\377\0004\000.\0007\000.\0001\000.\0001\000\040\000C\000O\000N\000T\000R\000O\000L\000\137\000W\000I\000N\000D\000O\000W}{subsection.4.7.1}% 202
\BOOKMARK [3][-]{subsubsection.4.7.1.2}{\376\377\0004\000.\0007\000.\0001\000.\0002\000\040\000G\000E\000N\000E\000R\000A\000L\000\137\000W\000I\000N\000D\000O\000W}{subsection.4.7.1}% 203
\BOOKMARK [3][-]{subsubsection.4.7.1.3}{\376\377\0004\000.\0007\000.\0001\000.\0003\000\040\000O\000P\000E\000R\000A\000T\000E\000\137\000W\000I\000N\000D\000O\000W}{subsection.4.7.1}% 204
\BOOKMARK [2][-]{subsection.4.7.2}{\376\377\0004\000.\0007\000.\0002\000\040\000T\000y\000p\000e\000d\000e\000f\000\040\000D\000o\000c\000u\000m\000e\000n\000t\000a\000t\000i\000o\000n}{section.4.7}% 205
\BOOKMARK [3][-]{subsubsection.4.7.2.1}{\376\377\0004\000.\0007\000.\0002\000.\0001\000\040\000g\000r\000a\000p\000h\000\137\000v\000i\000e\000w}{subsection.4.7.2}% 206
\BOOKMARK [3][-]{subsubsection.4.7.2.2}{\376\377\0004\000.\0007\000.\0002\000.\0002\000\040\000P\000l\000o\000t}{subsection.4.7.2}% 207
\BOOKMARK [3][-]{subsubsection.4.7.2.3}{\376\377\0004\000.\0007\000.\0002\000.\0003\000\040\000p\000r\000i\000n\000t\000\137\000v\000i\000e\000w}{subsection.4.7.2}% 208
\BOOKMARK [3][-]{subsubsection.4.7.2.4}{\376\377\0004\000.\0007\000.\0002\000.\0004\000\040\000s\000e\000t\000u\000p\000\137\000v\000i\000e\000w}{subsection.4.7.2}% 209
\BOOKMARK [3][-]{subsubsection.4.7.2.5}{\376\377\0004\000.\0007\000.\0002\000.\0005\000\040\000V\000i\000e\000w}{subsection.4.7.2}% 210
\BOOKMARK [2][-]{subsection.4.7.3}{\376\377\0004\000.\0007\000.\0003\000\040\000F\000u\000n\000c\000t\000i\000o\000n\000\040\000D\000o\000c\000u\000m\000e\000n\000t\000a\000t\000i\000o\000n}{section.4.7}% 211
\BOOKMARK [3][-]{subsubsection.4.7.3.1}{\376\377\0004\000.\0007\000.\0003\000.\0001\000\040\000c\000l\000e\000a\000r\000\137\000p\000r\000i\000n\000t\000\137\000w\000i\000n\000d\000o\000w\000\050\000\051}{subsection.4.7.3}% 212
\BOOKMARK [3][-]{subsubsection.4.7.3.2}{\376\377\0004\000.\0007\000.\0003\000.\0002\000\040\000c\000r\000e\000a\000t\000e\000\137\000p\000l\000o\000t\000\050\000\051}{subsection.4.7.3}% 213
\BOOKMARK [3][-]{subsubsection.4.7.3.3}{\376\377\0004\000.\0007\000.\0003\000.\0003\000\040\000e\000r\000a\000s\000e\000\137\000p\000r\000i\000n\000t\000\137\000w\000i\000n\000d\000o\000w\000\050\000\051}{subsection.4.7.3}% 214
\BOOKMARK [3][-]{subsubsection.4.7.3.4}{\376\377\0004\000.\0007\000.\0003\000.\0004\000\040\000g\000r\000a\000p\000h\000\137\000p\000l\000o\000t\000\050\000\051}{subsection.4.7.3}% 215
\BOOKMARK [3][-]{subsubsection.4.7.3.5}{\376\377\0004\000.\0007\000.\0003\000.\0005\000\040\000i\000n\000i\000t\000i\000a\000l\000i\000z\000e\000\137\000g\000r\000a\000p\000h\000i\000c\000s\000\050\000\051}{subsection.4.7.3}% 216
\BOOKMARK [3][-]{subsubsection.4.7.3.6}{\376\377\0004\000.\0007\000.\0003\000.\0006\000\040\000p\000l\000o\000t\000\137\000a\000d\000d\000\137\000v\000a\000l\000u\000e\000\050\000\051}{subsection.4.7.3}% 217
\BOOKMARK [3][-]{subsubsection.4.7.3.7}{\376\377\0004\000.\0007\000.\0003\000.\0007\000\040\000p\000r\000i\000n\000t\000\050\000\051}{subsection.4.7.3}% 218
\BOOKMARK [3][-]{subsubsection.4.7.3.8}{\376\377\0004\000.\0007\000.\0003\000.\0008\000\040\000t\000e\000r\000m\000i\000n\000a\000t\000e\000\137\000g\000r\000a\000p\000h\000i\000c\000s\000\050\000\051}{subsection.4.7.3}% 219
\BOOKMARK [3][-]{subsubsection.4.7.3.9}{\376\377\0004\000.\0007\000.\0003\000.\0009\000\040\000u\000p\000d\000a\000t\000e\000\137\000s\000t\000a\000t\000e\000\137\000g\000r\000a\000p\000h\000i\000c\000\050\000\051}{subsection.4.7.3}% 220
\BOOKMARK [2][-]{subsection.4.7.4}{\376\377\0004\000.\0007\000.\0004\000\040\000V\000a\000r\000i\000a\000b\000l\000e\000\040\000D\000o\000c\000u\000m\000e\000n\000t\000a\000t\000i\000o\000n}{section.4.7}% 221
\BOOKMARK [3][-]{subsubsection.4.7.4.1}{\376\377\0004\000.\0007\000.\0004\000.\0001\000\040\000a\000l\000l\000\137\000p\000o\000s\000s\000i\000b\000l\000e\000\137\000o\000w\000n\000e\000r\000s}{subsection.4.7.4}% 222
\BOOKMARK [3][-]{subsubsection.4.7.4.2}{\376\377\0004\000.\0007\000.\0004\000.\0002\000\040\000g\000r\000a\000p\000h\000\137\000o\000w\000n\000e\000r}{subsection.4.7.4}% 223
\BOOKMARK [3][-]{subsubsection.4.7.4.3}{\376\377\0004\000.\0007\000.\0004\000.\0003\000\040\000g\000r\000a\000p\000h\000\137\000o\000w\000n\000e\000r\000\137\000i\000n\000d\000e\000x\000\137\000n\000o\000d\000e}{subsection.4.7.4}% 224
\BOOKMARK [3][-]{subsubsection.4.7.4.4}{\376\377\0004\000.\0007\000.\0004\000.\0004\000\040\000n\000u\000m\000b\000e\000r\000\137\000o\000f\000\137\000d\000a\000t\000a\000\137\000p\000o\000i\000n\000t\000s\000\137\000p\000l\000o\000t\000t\000a\000b\000l\000e}{subsection.4.7.4}% 225
\BOOKMARK [3][-]{subsubsection.4.7.4.5}{\376\377\0004\000.\0007\000.\0004\000.\0005\000\040\000o\000w\000n\000e\000r\000\137\000i\000n\000d\000e\000x\000\137\000l\000i\000s\000t}{subsection.4.7.4}% 226
\BOOKMARK [1][-]{section.4.8}{\376\377\0004\000.\0008\000\040\000h\000a\000s\000h\000m\000a\000p\000.\000c\000\040\000F\000i\000l\000e\000\040\000R\000e\000f\000e\000r\000e\000n\000c\000e}{chapter.4}% 227
\BOOKMARK [2][-]{subsection.4.8.1}{\376\377\0004\000.\0008\000.\0001\000\040\000F\000u\000n\000c\000t\000i\000o\000n\000\040\000D\000o\000c\000u\000m\000e\000n\000t\000a\000t\000i\000o\000n}{section.4.8}% 228
\BOOKMARK [3][-]{subsubsection.4.8.1.1}{\376\377\0004\000.\0008\000.\0001\000.\0001\000\040\000c\000r\000e\000a\000t\000e\000\137\000h\000a\000s\000h\000m\000a\000p\000\050\000\051}{subsection.4.8.1}% 229
\BOOKMARK [3][-]{subsubsection.4.8.1.2}{\376\377\0004\000.\0008\000.\0001\000.\0002\000\040\000h\000a\000s\000h\000\050\000\051}{subsection.4.8.1}% 230
\BOOKMARK [3][-]{subsubsection.4.8.1.3}{\376\377\0004\000.\0008\000.\0001\000.\0003\000\040\000h\000a\000s\000h\000m\000a\000p\000\137\000a\000d\000d\000\050\000\051}{subsection.4.8.1}% 231
\BOOKMARK [3][-]{subsubsection.4.8.1.4}{\376\377\0004\000.\0008\000.\0001\000.\0004\000\040\000h\000a\000s\000h\000m\000a\000p\000\137\000e\000x\000i\000s\000t\000s\000\050\000\051}{subsection.4.8.1}% 232
\BOOKMARK [3][-]{subsubsection.4.8.1.5}{\376\377\0004\000.\0008\000.\0001\000.\0005\000\040\000h\000a\000s\000h\000m\000a\000p\000\137\000g\000e\000t\000\050\000\051}{subsection.4.8.1}% 233
\BOOKMARK [3][-]{subsubsection.4.8.1.6}{\376\377\0004\000.\0008\000.\0001\000.\0006\000\040\000h\000a\000s\000h\000m\000a\000p\000\137\000r\000e\000m\000o\000v\000e\000\050\000\051}{subsection.4.8.1}% 234
\BOOKMARK [3][-]{subsubsection.4.8.1.7}{\376\377\0004\000.\0008\000.\0001\000.\0007\000\040\000h\000a\000s\000h\000m\000a\000p\000\137\000u\000p\000d\000a\000t\000e\000\050\000\051}{subsection.4.8.1}% 235
\BOOKMARK [1][-]{section.4.9}{\376\377\0004\000.\0009\000\040\000h\000a\000s\000h\000m\000a\000p\000.\000h\000\040\000F\000i\000l\000e\000\040\000R\000e\000f\000e\000r\000e\000n\000c\000e}{chapter.4}% 236
\BOOKMARK [2][-]{subsection.4.9.1}{\376\377\0004\000.\0009\000.\0001\000\040\000M\000a\000c\000r\000o\000\040\000D\000e\000f\000i\000n\000i\000t\000i\000o\000n\000\040\000D\000o\000c\000u\000m\000e\000n\000t\000a\000t\000i\000o\000n}{section.4.9}% 237
\BOOKMARK [3][-]{subsubsection.4.9.1.1}{\376\377\0004\000.\0009\000.\0001\000.\0001\000\040\000H\000A\000S\000H\000M\000A\000P\000\137\000D\000E\000F\000A\000U\000L\000T\000\137\000S\000I\000Z\000E}{subsection.4.9.1}% 238
\BOOKMARK [3][-]{subsubsection.4.9.1.2}{\376\377\0004\000.\0009\000.\0001\000.\0002\000\040\000H\000A\000S\000H\000M\000A\000P\000\137\000T\000H\000R\000E\000S\000H\000O\000L\000D}{subsection.4.9.1}% 239
\BOOKMARK [2][-]{subsection.4.9.2}{\376\377\0004\000.\0009\000.\0002\000\040\000T\000y\000p\000e\000d\000e\000f\000\040\000D\000o\000c\000u\000m\000e\000n\000t\000a\000t\000i\000o\000n}{section.4.9}% 240
\BOOKMARK [3][-]{subsubsection.4.9.2.1}{\376\377\0004\000.\0009\000.\0002\000.\0001\000\040\000H\000a\000s\000h\000m\000a\000p}{subsection.4.9.2}% 241
\BOOKMARK [3][-]{subsubsection.4.9.2.2}{\376\377\0004\000.\0009\000.\0002\000.\0002\000\040\000H\000a\000s\000h\000m\000a\000p\000E\000l\000e\000m\000e\000n\000t}{subsection.4.9.2}% 242
\BOOKMARK [2][-]{subsection.4.9.3}{\376\377\0004\000.\0009\000.\0003\000\040\000F\000u\000n\000c\000t\000i\000o\000n\000\040\000D\000o\000c\000u\000m\000e\000n\000t\000a\000t\000i\000o\000n}{section.4.9}% 243
\BOOKMARK [3][-]{subsubsection.4.9.3.1}{\376\377\0004\000.\0009\000.\0003\000.\0001\000\040\000c\000r\000e\000a\000t\000e\000\137\000h\000a\000s\000h\000m\000a\000p\000\050\000\051}{subsection.4.9.3}% 244
\BOOKMARK [3][-]{subsubsection.4.9.3.2}{\376\377\0004\000.\0009\000.\0003\000.\0002\000\040\000h\000a\000s\000h\000\050\000\051}{subsection.4.9.3}% 245
\BOOKMARK [1][-]{section.4.10}{\376\377\0004\000.\0001\0000\000\040\000i\0002\000c\000-\000i\000n\000t\000e\000r\000f\000a\000c\000e\000.\000c\000\040\000F\000i\000l\000e\000\040\000R\000e\000f\000e\000r\000e\000n\000c\000e}{chapter.4}% 246
\BOOKMARK [2][-]{subsection.4.10.1}{\376\377\0004\000.\0001\0000\000.\0001\000\040\000M\000a\000c\000r\000o\000\040\000D\000e\000f\000i\000n\000i\000t\000i\000o\000n\000\040\000D\000o\000c\000u\000m\000e\000n\000t\000a\000t\000i\000o\000n}{section.4.10}% 247
\BOOKMARK [3][-]{subsubsection.4.10.1.1}{\376\377\0004\000.\0001\0000\000.\0001\000.\0001\000\040\000A\000C\000C\000E\000L\000\137\000C\000O\000N\000F\000I\000G}{subsection.4.10.1}% 248
\BOOKMARK [3][-]{subsubsection.4.10.1.2}{\376\377\0004\000.\0001\0000\000.\0001\000.\0002\000\040\000A\000C\000C\000E\000L\000\137\000C\000O\000N\000F\000I\000G\0002}{subsection.4.10.1}% 249
\BOOKMARK [3][-]{subsubsection.4.10.1.3}{\376\377\0004\000.\0001\0000\000.\0001\000.\0003\000\040\000A\000C\000C\000E\000L\000\137\000X\000O\000U\000T\000\137\000H}{subsection.4.10.1}% 250
\BOOKMARK [3][-]{subsubsection.4.10.1.4}{\376\377\0004\000.\0001\0000\000.\0001\000.\0004\000\040\000A\000K\0008\0009\0006\0003\000\137\000A\000D\000D\000R\000E\000S\000S}{subsection.4.10.1}% 251
\BOOKMARK [3][-]{subsubsection.4.10.1.5}{\376\377\0004\000.\0001\0000\000.\0001\000.\0005\000\040\000A\000K\0008\0009\0006\0003\000\137\000A\000S\000A\000X}{subsection.4.10.1}% 252
\BOOKMARK [3][-]{subsubsection.4.10.1.6}{\376\377\0004\000.\0001\0000\000.\0001\000.\0006\000\040\000A\000K\0008\0009\0006\0003\000\137\000C\000N\000T\000L}{subsection.4.10.1}% 253
\BOOKMARK [3][-]{subsubsection.4.10.1.7}{\376\377\0004\000.\0001\0000\000.\0001\000.\0007\000\040\000A\000K\0008\0009\0006\0003\000\137\000S\000T\0001}{subsection.4.10.1}% 254
\BOOKMARK [3][-]{subsubsection.4.10.1.8}{\376\377\0004\000.\0001\0000\000.\0001\000.\0008\000\040\000A\000K\0008\0009\0006\0003\000\137\000X\000O\000U\000T\000\137\000L}{subsection.4.10.1}% 255
\BOOKMARK [3][-]{subsubsection.4.10.1.9}{\376\377\0004\000.\0001\0000\000.\0001\000.\0009\000\040\000C\000O\000N\000F\000I\000G}{subsection.4.10.1}% 256
\BOOKMARK [3][-]{subsubsection.4.10.1.10}{\376\377\0004\000.\0001\0000\000.\0001\000.\0001\0000\000\040\000F\000I\000F\000O\000\137\000C\000O\000U\000N\000T\000H}{subsection.4.10.1}% 257
\BOOKMARK [3][-]{subsubsection.4.10.1.11}{\376\377\0004\000.\0001\0000\000.\0001\000.\0001\0001\000\040\000F\000I\000F\000O\000\137\000E\000N}{subsection.4.10.1}% 258
\BOOKMARK [3][-]{subsubsection.4.10.1.12}{\376\377\0004\000.\0001\0000\000.\0001\000.\0001\0002\000\040\000F\000I\000F\000O\000\137\000R\000\137\000W}{subsection.4.10.1}% 259
\BOOKMARK [3][-]{subsubsection.4.10.1.13}{\376\377\0004\000.\0001\0000\000.\0001\000.\0001\0003\000\040\000G\000Y\000R\000O\000\137\000C\000O\000N\000F\000I\000G}{subsection.4.10.1}% 260
\BOOKMARK [3][-]{subsubsection.4.10.1.14}{\376\377\0004\000.\0001\0000\000.\0001\000.\0001\0004\000\040\000G\000Y\000R\000O\000\137\000X\000O\000U\000T\000\137\000H}{subsection.4.10.1}% 261
\BOOKMARK [3][-]{subsubsection.4.10.1.15}{\376\377\0004\000.\0001\0000\000.\0001\000.\0001\0005\000\040\000I\0002\000C\000\137\000M\000S\000T\000\137\000C\000T\000R\000L}{subsection.4.10.1}% 262
\BOOKMARK [3][-]{subsubsection.4.10.1.16}{\376\377\0004\000.\0001\0000\000.\0001\000.\0001\0006\000\040\000I\000N\000T\000\137\000E\000N\000A\000B\000L\000E}{subsection.4.10.1}% 263
\BOOKMARK [3][-]{subsubsection.4.10.1.17}{\376\377\0004\000.\0001\0000\000.\0001\000.\0001\0007\000\040\000I\000N\000T\000\137\000P\000I\000N\000\137\000C\000F\000G}{subsection.4.10.1}% 264
\BOOKMARK [3][-]{subsubsection.4.10.1.18}{\376\377\0004\000.\0001\0000\000.\0001\000.\0001\0008\000\040\000M\000P\000U\0009\0002\0005\0000\000\137\000A\000D\000D\000R\000E\000S\000S}{subsection.4.10.1}% 265
\BOOKMARK [3][-]{subsubsection.4.10.1.19}{\376\377\0004\000.\0001\0000\000.\0001\000.\0001\0009\000\040\000P\000W\000R\000\137\000M\000G\000M\000T\000\137\0001}{subsection.4.10.1}% 266
\BOOKMARK [3][-]{subsubsection.4.10.1.20}{\376\377\0004\000.\0001\0000\000.\0001\000.\0002\0000\000\040\000P\000W\000R\000\137\000M\000G\000M\000T\000\137\0002}{subsection.4.10.1}% 267
\BOOKMARK [3][-]{subsubsection.4.10.1.21}{\376\377\0004\000.\0001\0000\000.\0001\000.\0002\0001\000\040\000S\000M\000P\000L\000R\000T\000\137\000D\000I\000V}{subsection.4.10.1}% 268
\BOOKMARK [3][-]{subsubsection.4.10.1.22}{\376\377\0004\000.\0001\0000\000.\0001\000.\0002\0002\000\040\000T\000E\000M\000P\000\137\000O\000U\000T\000\137\000H}{subsection.4.10.1}% 269
\BOOKMARK [3][-]{subsubsection.4.10.1.23}{\376\377\0004\000.\0001\0000\000.\0001\000.\0002\0003\000\040\000T\000E\000M\000P\000\137\000O\000U\000T\000\137\000L}{subsection.4.10.1}% 270
\BOOKMARK [3][-]{subsubsection.4.10.1.24}{\376\377\0004\000.\0001\0000\000.\0001\000.\0002\0004\000\040\000U\000S\000E\000R\000\137\000C\000T\000R\000L}{subsection.4.10.1}% 271
\BOOKMARK [3][-]{subsubsection.4.10.1.25}{\376\377\0004\000.\0001\0000\000.\0001\000.\0002\0005\000\040\000X\000A\000\137\000O\000F\000F\000S\000E\000T\000\137\000H}{subsection.4.10.1}% 272
\BOOKMARK [3][-]{subsubsection.4.10.1.26}{\376\377\0004\000.\0001\0000\000.\0001\000.\0002\0006\000\040\000Y\000A\000\137\000O\000F\000F\000S\000E\000T\000\137\000H}{subsection.4.10.1}% 273
\BOOKMARK [3][-]{subsubsection.4.10.1.27}{\376\377\0004\000.\0001\0000\000.\0001\000.\0002\0007\000\040\000Z\000A\000\137\000O\000F\000F\000S\000E\000T\000\137\000H}{subsection.4.10.1}% 274
\BOOKMARK [2][-]{subsection.4.10.2}{\376\377\0004\000.\0001\0000\000.\0002\000\040\000E\000n\000u\000m\000e\000r\000a\000t\000i\000o\000n\000\040\000T\000y\000p\000e\000\040\000D\000o\000c\000u\000m\000e\000n\000t\000a\000t\000i\000o\000n}{section.4.10}% 275
\BOOKMARK [3][-]{subsubsection.4.10.2.1}{\376\377\0004\000.\0001\0000\000.\0002\000.\0001\000\040\000A\000s\000c\000a\000l\000e}{subsection.4.10.2}% 276
\BOOKMARK [3][-]{subsubsection.4.10.2.2}{\376\377\0004\000.\0001\0000\000.\0002\000.\0002\000\040\000G\000s\000c\000a\000l\000e}{subsection.4.10.2}% 277
\BOOKMARK [3][-]{subsubsection.4.10.2.3}{\376\377\0004\000.\0001\0000\000.\0002\000.\0003\000\040\000M\000s\000c\000a\000l\000e}{subsection.4.10.2}% 278
\BOOKMARK [2][-]{subsection.4.10.3}{\376\377\0004\000.\0001\0000\000.\0003\000\040\000F\000u\000n\000c\000t\000i\000o\000n\000\040\000D\000o\000c\000u\000m\000e\000n\000t\000a\000t\000i\000o\000n}{section.4.10}% 279
\BOOKMARK [3][-]{subsubsection.4.10.3.1}{\376\377\0004\000.\0001\0000\000.\0003\000.\0001\000\040\000c\000a\000l\000i\000b\000r\000a\000t\000e\000M\000P\000U\0009\0002\0005\0000\000\050\000\051}{subsection.4.10.3}% 280
\BOOKMARK [3][-]{subsubsection.4.10.3.2}{\376\377\0004\000.\0001\0000\000.\0003\000.\0002\000\040\000i\000n\000i\000t\000A\000K\0008\0009\0006\0003\000\050\000\051}{subsection.4.10.3}% 281
\BOOKMARK [3][-]{subsubsection.4.10.3.3}{\376\377\0004\000.\0001\0000\000.\0003\000.\0003\000\040\000i\000n\000i\000t\000i\000a\000l\000i\000z\000e\000\137\000i\0002\000c\000\050\000\051}{subsection.4.10.3}% 282
\BOOKMARK [3][-]{subsubsection.4.10.3.4}{\376\377\0004\000.\0001\0000\000.\0003\000.\0004\000\040\000i\000n\000i\000t\000M\000P\000U\0009\0002\0005\0000\000\050\000\051}{subsection.4.10.3}% 283
\BOOKMARK [3][-]{subsubsection.4.10.3.5}{\376\377\0004\000.\0001\0000\000.\0003\000.\0005\000\040\000l\000o\000g\000\137\000m\000p\000u\000\137\000d\000a\000t\000a\000\050\000\051}{subsection.4.10.3}% 284
\BOOKMARK [3][-]{subsubsection.4.10.3.6}{\376\377\0004\000.\0001\0000\000.\0003\000.\0006\000\040\000p\000r\000i\000n\000t\000B\000i\000a\000s\000\050\000\051}{subsection.4.10.3}% 285
\BOOKMARK [3][-]{subsubsection.4.10.3.7}{\376\377\0004\000.\0001\0000\000.\0003\000.\0007\000\040\000p\000r\000i\000n\000t\000S\000t\000a\000r\000t\000u\000p\000C\000o\000n\000s\000t\000a\000n\000t\000s\000\050\000\051}{subsection.4.10.3}% 286
\BOOKMARK [3][-]{subsubsection.4.10.3.8}{\376\377\0004\000.\0001\0000\000.\0003\000.\0008\000\040\000r\000e\000a\000d\000A\000c\000c\000e\000l\000D\000a\000t\000a\000\050\000\051}{subsection.4.10.3}% 287
\BOOKMARK [3][-]{subsubsection.4.10.3.9}{\376\377\0004\000.\0001\0000\000.\0003\000.\0009\000\040\000r\000e\000a\000d\000B\000y\000t\000e\000s\000\050\000\051}{subsection.4.10.3}% 288
\BOOKMARK [3][-]{subsubsection.4.10.3.10}{\376\377\0004\000.\0001\0000\000.\0003\000.\0001\0000\000\040\000r\000e\000a\000d\000G\000y\000r\000o\000D\000a\000t\000a\000\050\000\051}{subsection.4.10.3}% 289
\BOOKMARK [3][-]{subsubsection.4.10.3.11}{\376\377\0004\000.\0001\0000\000.\0003\000.\0001\0001\000\040\000r\000e\000a\000d\000M\000a\000g\000D\000a\000t\000a\000\050\000\051}{subsection.4.10.3}% 290
\BOOKMARK [3][-]{subsubsection.4.10.3.12}{\376\377\0004\000.\0001\0000\000.\0003\000.\0001\0002\000\040\000r\000e\000a\000d\000T\000e\000m\000p\000D\000a\000t\000a\000\050\000\051}{subsection.4.10.3}% 291
\BOOKMARK [3][-]{subsubsection.4.10.3.13}{\376\377\0004\000.\0001\0000\000.\0003\000.\0001\0003\000\040\000r\000e\000s\000e\000t\000M\000P\000U\0009\0002\0005\0000\000\050\000\051}{subsection.4.10.3}% 292
\BOOKMARK [3][-]{subsubsection.4.10.3.14}{\376\377\0004\000.\0001\0000\000.\0003\000.\0001\0004\000\040\000t\000e\000r\000m\000i\000n\000a\000t\000e\000\137\000m\000p\000u\000\137\000l\000o\000g\000g\000i\000n\000g\000\050\000\051}{subsection.4.10.3}% 293
\BOOKMARK [2][-]{subsection.4.10.4}{\376\377\0004\000.\0001\0000\000.\0004\000\040\000V\000a\000r\000i\000a\000b\000l\000e\000\040\000D\000o\000c\000u\000m\000e\000n\000t\000a\000t\000i\000o\000n}{section.4.10}% 294
\BOOKMARK [3][-]{subsubsection.4.10.4.1}{\376\377\0004\000.\0001\0000\000.\0004\000.\0001\000\040\000a\000c\000c\000e\000l\000B\000i\000a\000s}{subsection.4.10.4}% 295
\BOOKMARK [3][-]{subsubsection.4.10.4.2}{\376\377\0004\000.\0001\0000\000.\0004\000.\0002\000\040\000a\000R\000e\000s}{subsection.4.10.4}% 296
\BOOKMARK [3][-]{subsubsection.4.10.4.3}{\376\377\0004\000.\0001\0000\000.\0004\000.\0003\000\040\000A\000s\000c\000a\000l\000e}{subsection.4.10.4}% 297
\BOOKMARK [3][-]{subsubsection.4.10.4.4}{\376\377\0004\000.\0001\0000\000.\0004\000.\0004\000\040\000g\000R\000e\000s}{subsection.4.10.4}% 298
\BOOKMARK [3][-]{subsubsection.4.10.4.5}{\376\377\0004\000.\0001\0000\000.\0004\000.\0005\000\040\000G\000s\000c\000a\000l\000e}{subsection.4.10.4}% 299
\BOOKMARK [3][-]{subsubsection.4.10.4.6}{\376\377\0004\000.\0001\0000\000.\0004\000.\0006\000\040\000g\000y\000r\000o\000B\000i\000a\000s}{subsection.4.10.4}% 300
\BOOKMARK [3][-]{subsubsection.4.10.4.7}{\376\377\0004\000.\0001\0000\000.\0004\000.\0007\000\040\000m\000a\000g\000B\000i\000a\000s}{subsection.4.10.4}% 301
\BOOKMARK [3][-]{subsubsection.4.10.4.8}{\376\377\0004\000.\0001\0000\000.\0004\000.\0008\000\040\000m\000a\000g\000C\000a\000l\000i\000b\000r\000a\000t\000i\000o\000n}{subsection.4.10.4}% 302
\BOOKMARK [3][-]{subsubsection.4.10.4.9}{\376\377\0004\000.\0001\0000\000.\0004\000.\0009\000\040\000m\000a\000g\000S\000c\000a\000l\000e}{subsection.4.10.4}% 303
\BOOKMARK [3][-]{subsubsection.4.10.4.10}{\376\377\0004\000.\0001\0000\000.\0004\000.\0001\0000\000\040\000M\000m\000o\000d\000e}{subsection.4.10.4}% 304
\BOOKMARK [3][-]{subsubsection.4.10.4.11}{\376\377\0004\000.\0001\0000\000.\0004\000.\0001\0001\000\040\000m\000p\000u\000\137\000l\000o\000g\000\137\000f\000i\000l\000e}{subsection.4.10.4}% 305
\BOOKMARK [3][-]{subsubsection.4.10.4.12}{\376\377\0004\000.\0001\0000\000.\0004\000.\0001\0002\000\040\000m\000p\000u\000\137\000l\000o\000g\000\137\000f\000i\000l\000e\000\137\000n\000a\000m\000e}{subsection.4.10.4}% 306
\BOOKMARK [3][-]{subsubsection.4.10.4.13}{\376\377\0004\000.\0001\0000\000.\0004\000.\0001\0003\000\040\000m\000p\000u\000\137\000t\000e\000r\000m\000i\000n\000a\000t\000i\000o\000n\000\137\000s\000i\000g\000n\000a\000l}{subsection.4.10.4}% 307
\BOOKMARK [3][-]{subsubsection.4.10.4.14}{\376\377\0004\000.\0001\0000\000.\0004\000.\0001\0004\000\040\000m\000p\000u\000\137\000t\000h\000r\000e\000a\000d}{subsection.4.10.4}% 308
\BOOKMARK [3][-]{subsubsection.4.10.4.15}{\376\377\0004\000.\0001\0000\000.\0004\000.\0001\0005\000\040\000m\000p\000u\000\137\000v\000a\000l\000u\000e\000s\000\137\000r\000e\000a\000d}{subsection.4.10.4}% 309
\BOOKMARK [3][-]{subsubsection.4.10.4.16}{\376\377\0004\000.\0001\0000\000.\0004\000.\0001\0006\000\040\000m\000R\000e\000s}{subsection.4.10.4}% 310
\BOOKMARK [3][-]{subsubsection.4.10.4.17}{\376\377\0004\000.\0001\0000\000.\0004\000.\0001\0007\000\040\000M\000s\000c\000a\000l\000e}{subsection.4.10.4}% 311
\BOOKMARK [3][-]{subsubsection.4.10.4.18}{\376\377\0004\000.\0001\0000\000.\0004\000.\0001\0008\000\040\000n\000e\000w\000M\000a\000g\000D\000a\000t\000a}{subsection.4.10.4}% 312
\BOOKMARK [1][-]{section.4.11}{\376\377\0004\000.\0001\0001\000\040\000i\0002\000c\000-\000i\000n\000t\000e\000r\000f\000a\000c\000e\000.\000h\000\040\000F\000i\000l\000e\000\040\000R\000e\000f\000e\000r\000e\000n\000c\000e}{chapter.4}% 313
\BOOKMARK [2][-]{subsection.4.11.1}{\376\377\0004\000.\0001\0001\000.\0001\000\040\000T\000y\000p\000e\000d\000e\000f\000\040\000D\000o\000c\000u\000m\000e\000n\000t\000a\000t\000i\000o\000n}{section.4.11}% 314
\BOOKMARK [3][-]{subsubsection.4.11.1.1}{\376\377\0004\000.\0001\0001\000.\0001\000.\0001\000\040\000I\0002\000C}{subsection.4.11.1}% 315
\BOOKMARK [3][-]{subsubsection.4.11.1.2}{\376\377\0004\000.\0001\0001\000.\0001\000.\0002\000\040\000m\000o\000d\000u\000l\000e}{subsection.4.11.1}% 316
\BOOKMARK [2][-]{subsection.4.11.2}{\376\377\0004\000.\0001\0001\000.\0002\000\040\000F\000u\000n\000c\000t\000i\000o\000n\000\040\000D\000o\000c\000u\000m\000e\000n\000t\000a\000t\000i\000o\000n}{section.4.11}% 317
\BOOKMARK [3][-]{subsubsection.4.11.2.1}{\376\377\0004\000.\0001\0001\000.\0002\000.\0001\000\040\000i\000n\000i\000t\000i\000a\000l\000i\000z\000e\000\137\000i\0002\000c\000\050\000\051}{subsection.4.11.2}% 318
\BOOKMARK [3][-]{subsubsection.4.11.2.2}{\376\377\0004\000.\0001\0001\000.\0002\000.\0002\000\040\000p\000r\000i\000n\000t\000S\000t\000a\000r\000t\000u\000p\000C\000o\000n\000s\000t\000a\000n\000t\000s\000\050\000\051}{subsection.4.11.2}% 319
\BOOKMARK [3][-]{subsubsection.4.11.2.3}{\376\377\0004\000.\0001\0001\000.\0002\000.\0003\000\040\000t\000e\000r\000m\000i\000n\000a\000t\000e\000\137\000m\000p\000u\000\137\000l\000o\000g\000g\000i\000n\000g\000\050\000\051}{subsection.4.11.2}% 320
\BOOKMARK [2][-]{subsection.4.11.3}{\376\377\0004\000.\0001\0001\000.\0003\000\040\000V\000a\000r\000i\000a\000b\000l\000e\000\040\000D\000o\000c\000u\000m\000e\000n\000t\000a\000t\000i\000o\000n}{section.4.11}% 321
\BOOKMARK [3][-]{subsubsection.4.11.3.1}{\376\377\0004\000.\0001\0001\000.\0003\000.\0001\000\040\000i\0002\000c\000\137\000d\000e\000v\000i\000c\000e}{subsection.4.11.3}% 322
\BOOKMARK [3][-]{subsubsection.4.11.3.2}{\376\377\0004\000.\0001\0001\000.\0003\000.\0002\000\040\000m\000p\000u\000\137\000a\000c\000e\000l\000\137\000p\000l\000o\000t}{subsection.4.11.3}% 323
\BOOKMARK [3][-]{subsubsection.4.11.3.3}{\376\377\0004\000.\0001\0001\000.\0003\000.\0003\000\040\000m\000p\000u\000\137\000g\000y\000r\000o\000\137\000p\000l\000o\000t}{subsection.4.11.3}% 324
\BOOKMARK [3][-]{subsubsection.4.11.3.4}{\376\377\0004\000.\0001\0001\000.\0003\000.\0004\000\040\000m\000p\000u\000\137\000l\000o\000g\000g\000e\000r}{subsection.4.11.3}% 325
\BOOKMARK [3][-]{subsubsection.4.11.3.5}{\376\377\0004\000.\0001\0001\000.\0003\000.\0005\000\040\000m\000p\000u\000\137\000m\000a\000g\000n\000\137\000p\000l\000o\000t}{subsection.4.11.3}% 326
\BOOKMARK [1][-]{section.4.12}{\376\377\0004\000.\0001\0002\000\040\000l\000i\000n\000k\000e\000d\000-\000l\000i\000s\000t\000.\000c\000\040\000F\000i\000l\000e\000\040\000R\000e\000f\000e\000r\000e\000n\000c\000e}{chapter.4}% 327
\BOOKMARK [2][-]{subsection.4.12.1}{\376\377\0004\000.\0001\0002\000.\0001\000\040\000F\000u\000n\000c\000t\000i\000o\000n\000\040\000D\000o\000c\000u\000m\000e\000n\000t\000a\000t\000i\000o\000n}{section.4.12}% 328
\BOOKMARK [3][-]{subsubsection.4.12.1.1}{\376\377\0004\000.\0001\0002\000.\0001\000.\0001\000\040\000c\000r\000e\000a\000t\000e\000\137\000l\000i\000s\000t\000\050\000\051}{subsection.4.12.1}% 329
\BOOKMARK [3][-]{subsubsection.4.12.1.2}{\376\377\0004\000.\0001\0002\000.\0001\000.\0002\000\040\000c\000r\000e\000a\000t\000e\000\137\000n\000o\000d\000e\000\050\000\051}{subsection.4.12.1}% 330
\BOOKMARK [3][-]{subsubsection.4.12.1.3}{\376\377\0004\000.\0001\0002\000.\0001\000.\0003\000\040\000l\000i\000s\000t\000\137\000i\000n\000s\000e\000r\000t\000\050\000\051}{subsection.4.12.1}% 331
\BOOKMARK [3][-]{subsubsection.4.12.1.4}{\376\377\0004\000.\0001\0002\000.\0001\000.\0004\000\040\000l\000i\000s\000t\000\137\000r\000e\000m\000o\000v\000e\000\050\000\051}{subsection.4.12.1}% 332
\BOOKMARK [1][-]{section.4.13}{\376\377\0004\000.\0001\0003\000\040\000l\000i\000n\000k\000e\000d\000-\000l\000i\000s\000t\000.\000h\000\040\000F\000i\000l\000e\000\040\000R\000e\000f\000e\000r\000e\000n\000c\000e}{chapter.4}% 333
\BOOKMARK [2][-]{subsection.4.13.1}{\376\377\0004\000.\0001\0003\000.\0001\000\040\000M\000a\000c\000r\000o\000\040\000D\000e\000f\000i\000n\000i\000t\000i\000o\000n\000\040\000D\000o\000c\000u\000m\000e\000n\000t\000a\000t\000i\000o\000n}{section.4.13}% 334
\BOOKMARK [3][-]{subsubsection.4.13.1.1}{\376\377\0004\000.\0001\0003\000.\0001\000.\0001\000\040\000F\000L\000O\000A\000T\000\137\000N\000O\000D\000E}{subsection.4.13.1}% 335
\BOOKMARK [3][-]{subsubsection.4.13.1.2}{\376\377\0004\000.\0001\0003\000.\0001\000.\0002\000\040\000I\000N\000T\000E\000G\000E\000R\000\137\000N\000O\000D\000E}{subsection.4.13.1}% 336
\BOOKMARK [3][-]{subsubsection.4.13.1.3}{\376\377\0004\000.\0001\0003\000.\0001\000.\0003\000\040\000S\000T\000R\000I\000N\000G\000\137\000N\000O\000D\000E}{subsection.4.13.1}% 337
\BOOKMARK [2][-]{subsection.4.13.2}{\376\377\0004\000.\0001\0003\000.\0002\000\040\000T\000y\000p\000e\000d\000e\000f\000\040\000D\000o\000c\000u\000m\000e\000n\000t\000a\000t\000i\000o\000n}{section.4.13}% 338
\BOOKMARK [3][-]{subsubsection.4.13.2.1}{\376\377\0004\000.\0001\0003\000.\0002\000.\0001\000\040\000L\000i\000s\000t}{subsection.4.13.2}% 339
\BOOKMARK [3][-]{subsubsection.4.13.2.2}{\376\377\0004\000.\0001\0003\000.\0002\000.\0002\000\040\000N\000o\000d\000e}{subsection.4.13.2}% 340
\BOOKMARK [2][-]{subsection.4.13.3}{\376\377\0004\000.\0001\0003\000.\0003\000\040\000F\000u\000n\000c\000t\000i\000o\000n\000\040\000D\000o\000c\000u\000m\000e\000n\000t\000a\000t\000i\000o\000n}{section.4.13}% 341
\BOOKMARK [3][-]{subsubsection.4.13.3.1}{\376\377\0004\000.\0001\0003\000.\0003\000.\0001\000\040\000c\000r\000e\000a\000t\000e\000\137\000l\000i\000s\000t\000\050\000\051}{subsection.4.13.3}% 342
\BOOKMARK [3][-]{subsubsection.4.13.3.2}{\376\377\0004\000.\0001\0003\000.\0003\000.\0002\000\040\000c\000r\000e\000a\000t\000e\000\137\000n\000o\000d\000e\000\050\000\051}{subsection.4.13.3}% 343
\BOOKMARK [3][-]{subsubsection.4.13.3.3}{\376\377\0004\000.\0001\0003\000.\0003\000.\0003\000\040\000l\000i\000s\000t\000\137\000i\000n\000s\000e\000r\000t\000\050\000\051}{subsection.4.13.3}% 344
\BOOKMARK [3][-]{subsubsection.4.13.3.4}{\376\377\0004\000.\0001\0003\000.\0003\000.\0004\000\040\000l\000i\000s\000t\000\137\000r\000e\000m\000o\000v\000e\000\050\000\051}{subsection.4.13.3}% 345
\BOOKMARK [1][-]{section.4.14}{\376\377\0004\000.\0001\0004\000\040\000l\000o\000g\000g\000e\000r\000.\000c\000\040\000F\000i\000l\000e\000\040\000R\000e\000f\000e\000r\000e\000n\000c\000e}{chapter.4}% 346
\BOOKMARK [2][-]{subsection.4.14.1}{\376\377\0004\000.\0001\0004\000.\0001\000\040\000F\000u\000n\000c\000t\000i\000o\000n\000\040\000D\000o\000c\000u\000m\000e\000n\000t\000a\000t\000i\000o\000n}{section.4.14}% 347
\BOOKMARK [3][-]{subsubsection.4.14.1.1}{\376\377\0004\000.\0001\0004\000.\0001\000.\0001\000\040\000c\000l\000o\000s\000e\000\137\000p\000r\000o\000t\000o\000t\000y\000p\000e\000\050\000\051}{subsection.4.14.1}% 348
\BOOKMARK [3][-]{subsubsection.4.14.1.2}{\376\377\0004\000.\0001\0004\000.\0001\000.\0002\000\040\000c\000r\000e\000a\000t\000e\000\137\000l\000o\000g\000g\000e\000r\000\050\000\051}{subsection.4.14.1}% 349
\BOOKMARK [3][-]{subsubsection.4.14.1.3}{\376\377\0004\000.\0001\0004\000.\0001\000.\0003\000\040\000d\000e\000s\000t\000r\000o\000y\000\137\000p\000r\000o\000t\000o\000t\000y\000p\000e\000\050\000\051}{subsection.4.14.1}% 350
\BOOKMARK [3][-]{subsubsection.4.14.1.4}{\376\377\0004\000.\0001\0004\000.\0001\000.\0004\000\040\000o\000p\000e\000n\000\137\000p\000r\000o\000t\000o\000t\000y\000p\000e\000\050\000\051}{subsection.4.14.1}% 351
\BOOKMARK [1][-]{section.4.15}{\376\377\0004\000.\0001\0005\000\040\000l\000o\000g\000g\000e\000r\000.\000h\000\040\000F\000i\000l\000e\000\040\000R\000e\000f\000e\000r\000e\000n\000c\000e}{chapter.4}% 352
\BOOKMARK [2][-]{subsection.4.15.1}{\376\377\0004\000.\0001\0005\000.\0001\000\040\000T\000y\000p\000e\000d\000e\000f\000\040\000D\000o\000c\000u\000m\000e\000n\000t\000a\000t\000i\000o\000n}{section.4.15}% 353
\BOOKMARK [3][-]{subsubsection.4.15.1.1}{\376\377\0004\000.\0001\0005\000.\0001\000.\0001\000\040\000L\000o\000g\000g\000e\000r}{subsection.4.15.1}% 354
\BOOKMARK [2][-]{subsection.4.15.2}{\376\377\0004\000.\0001\0005\000.\0002\000\040\000F\000u\000n\000c\000t\000i\000o\000n\000\040\000D\000o\000c\000u\000m\000e\000n\000t\000a\000t\000i\000o\000n}{section.4.15}% 355
\BOOKMARK [3][-]{subsubsection.4.15.2.1}{\376\377\0004\000.\0001\0005\000.\0002\000.\0001\000\040\000c\000r\000e\000a\000t\000e\000\137\000l\000o\000g\000g\000e\000r\000\050\000\051}{subsection.4.15.2}% 356
\BOOKMARK [1][-]{section.4.16}{\376\377\0004\000.\0001\0006\000\040\000s\000c\000r\000i\000p\000t\000e\000r\000.\000c\000\040\000F\000i\000l\000e\000\040\000R\000e\000f\000e\000r\000e\000n\000c\000e}{chapter.4}% 357
\BOOKMARK [2][-]{subsection.4.16.1}{\376\377\0004\000.\0001\0006\000.\0001\000\040\000F\000u\000n\000c\000t\000i\000o\000n\000\040\000D\000o\000c\000u\000m\000e\000n\000t\000a\000t\000i\000o\000n}{section.4.16}% 358
\BOOKMARK [3][-]{subsubsection.4.16.1.1}{\376\377\0004\000.\0001\0006\000.\0001\000.\0001\000\040\000d\000e\000f\000i\000n\000e\000\137\000s\000c\000r\000i\000p\000t\000\137\000a\000c\000t\000i\000o\000n\000\050\000\051}{subsection.4.16.1}% 359
\BOOKMARK [3][-]{subsubsection.4.16.1.2}{\376\377\0004\000.\0001\0006\000.\0001\000.\0002\000\040\000e\000x\000e\000c\000u\000t\000e\000\137\000s\000c\000r\000i\000p\000t\000\050\000\051}{subsection.4.16.1}% 360
\BOOKMARK [3][-]{subsubsection.4.16.1.3}{\376\377\0004\000.\0001\0006\000.\0001\000.\0003\000\040\000i\000n\000i\000t\000i\000a\000l\000i\000z\000e\000\137\000s\000c\000r\000i\000p\000t\000e\000r\000\050\000\051}{subsection.4.16.1}% 361
\BOOKMARK [1][-]{section.4.17}{\376\377\0004\000.\0001\0007\000\040\000s\000c\000r\000i\000p\000t\000e\000r\000.\000h\000\040\000F\000i\000l\000e\000\040\000R\000e\000f\000e\000r\000e\000n\000c\000e}{chapter.4}% 362
\BOOKMARK [2][-]{subsection.4.17.1}{\376\377\0004\000.\0001\0007\000.\0001\000\040\000T\000y\000p\000e\000d\000e\000f\000\040\000D\000o\000c\000u\000m\000e\000n\000t\000a\000t\000i\000o\000n}{section.4.17}% 363
\BOOKMARK [3][-]{subsubsection.4.17.1.1}{\376\377\0004\000.\0001\0007\000.\0001\000.\0001\000\040\000l\000a\000m\000b\000d\000a}{subsection.4.17.1}% 364
\BOOKMARK [2][-]{subsection.4.17.2}{\376\377\0004\000.\0001\0007\000.\0002\000\040\000F\000u\000n\000c\000t\000i\000o\000n\000\040\000D\000o\000c\000u\000m\000e\000n\000t\000a\000t\000i\000o\000n}{section.4.17}% 365
\BOOKMARK [3][-]{subsubsection.4.17.2.1}{\376\377\0004\000.\0001\0007\000.\0002\000.\0001\000\040\000d\000e\000f\000i\000n\000e\000\137\000s\000c\000r\000i\000p\000t\000\137\000a\000c\000t\000i\000o\000n\000\050\000\051}{subsection.4.17.2}% 366
\BOOKMARK [3][-]{subsubsection.4.17.2.2}{\376\377\0004\000.\0001\0007\000.\0002\000.\0002\000\040\000e\000x\000e\000c\000u\000t\000e\000\137\000s\000c\000r\000i\000p\000t\000\050\000\051}{subsection.4.17.2}% 367
\BOOKMARK [3][-]{subsubsection.4.17.2.3}{\376\377\0004\000.\0001\0007\000.\0002\000.\0003\000\040\000i\000n\000i\000t\000i\000a\000l\000i\000z\000e\000\137\000s\000c\000r\000i\000p\000t\000e\000r\000\050\000\051}{subsection.4.17.2}% 368
\BOOKMARK [2][-]{subsection.4.17.3}{\376\377\0004\000.\0001\0007\000.\0003\000\040\000V\000a\000r\000i\000a\000b\000l\000e\000\040\000D\000o\000c\000u\000m\000e\000n\000t\000a\000t\000i\000o\000n}{section.4.17}% 369
\BOOKMARK [3][-]{subsubsection.4.17.3.1}{\376\377\0004\000.\0001\0007\000.\0003\000.\0001\000\040\000a\000c\000t\000i\000o\000n\000\137\000t\000a\000b\000l\000e}{subsection.4.17.3}% 370
\BOOKMARK [1][-]{section.4.18}{\376\377\0004\000.\0001\0008\000\040\000s\000e\000l\000e\000c\000t\000o\000r\000.\000c\000\040\000F\000i\000l\000e\000\040\000R\000e\000f\000e\000r\000e\000n\000c\000e}{chapter.4}% 371
\BOOKMARK [2][-]{subsection.4.18.1}{\376\377\0004\000.\0001\0008\000.\0001\000\040\000F\000u\000n\000c\000t\000i\000o\000n\000\040\000D\000o\000c\000u\000m\000e\000n\000t\000a\000t\000i\000o\000n}{section.4.18}% 372
\BOOKMARK [3][-]{subsubsection.4.18.1.1}{\376\377\0004\000.\0001\0008\000.\0001\000.\0001\000\040\000a\000d\000d\000\137\000s\000e\000l\000e\000c\000t\000o\000r\000\137\000c\000o\000m\000m\000a\000n\000d\000\050\000\051}{subsection.4.18.1}% 373
\BOOKMARK [3][-]{subsubsection.4.18.1.2}{\376\377\0004\000.\0001\0008\000.\0001\000.\0002\000\040\000c\000h\000a\000n\000g\000e\000\137\000s\000e\000l\000e\000c\000t\000o\000r\000\050\000\051}{subsection.4.18.1}% 374
\BOOKMARK [3][-]{subsubsection.4.18.1.3}{\376\377\0004\000.\0001\0008\000.\0001\000.\0003\000\040\000c\000r\000e\000a\000t\000e\000\137\000s\000e\000l\000e\000c\000t\000o\000r\000\050\000\051}{subsection.4.18.1}% 375
\BOOKMARK [3][-]{subsubsection.4.18.1.4}{\376\377\0004\000.\0001\0008\000.\0001\000.\0004\000\040\000c\000y\000c\000l\000e\000\137\000g\000r\000a\000p\000h\000\050\000\051}{subsection.4.18.1}% 376
\BOOKMARK [3][-]{subsubsection.4.18.1.5}{\376\377\0004\000.\0001\0008\000.\0001\000.\0005\000\040\000e\000x\000e\000c\000u\000t\000e\000\137\000s\000e\000l\000e\000c\000t\000o\000r\000\050\000\051}{subsection.4.18.1}% 377
\BOOKMARK [3][-]{subsubsection.4.18.1.6}{\376\377\0004\000.\0001\0008\000.\0001\000.\0006\000\040\000f\000l\000i\000p\000\137\000b\000o\000o\000l\000\050\000\051}{subsection.4.18.1}% 378
\BOOKMARK [3][-]{subsubsection.4.18.1.7}{\376\377\0004\000.\0001\0008\000.\0001\000.\0007\000\040\000f\000l\000i\000p\000\137\000f\000e\000m\000t\000a\000\050\000\051}{subsection.4.18.1}% 379
\BOOKMARK [3][-]{subsubsection.4.18.1.8}{\376\377\0004\000.\0001\0008\000.\0001\000.\0008\000\040\000f\000l\000i\000p\000\137\000v\000a\000l\000v\000e\000\050\000\051}{subsection.4.18.1}% 380
\BOOKMARK [3][-]{subsubsection.4.18.1.9}{\376\377\0004\000.\0001\0008\000.\0001\000.\0009\000\040\000p\000r\000e\000s\000e\000n\000t\000\137\000s\000e\000l\000e\000c\000t\000o\000r\000\050\000\051}{subsection.4.18.1}% 381
\BOOKMARK [3][-]{subsubsection.4.18.1.10}{\376\377\0004\000.\0001\0008\000.\0001\000.\0001\0000\000\040\000r\000o\000t\000a\000t\000e\000\050\000\051}{subsection.4.18.1}% 382
\BOOKMARK [3][-]{subsubsection.4.18.1.11}{\376\377\0004\000.\0001\0008\000.\0001\000.\0001\0001\000\040\000w\000r\000i\000t\000e\000\137\000m\000e\000s\000s\000a\000g\000e\000\050\000\051}{subsection.4.18.1}% 383
\BOOKMARK [1][-]{section.4.19}{\376\377\0004\000.\0001\0009\000\040\000s\000e\000l\000e\000c\000t\000o\000r\000.\000h\000\040\000F\000i\000l\000e\000\040\000R\000e\000f\000e\000r\000e\000n\000c\000e}{chapter.4}% 384
\BOOKMARK [2][-]{subsection.4.19.1}{\376\377\0004\000.\0001\0009\000.\0001\000\040\000T\000y\000p\000e\000d\000e\000f\000\040\000D\000o\000c\000u\000m\000e\000n\000t\000a\000t\000i\000o\000n}{section.4.19}% 385
\BOOKMARK [3][-]{subsubsection.4.19.1.1}{\376\377\0004\000.\0001\0009\000.\0001\000.\0001\000\040\000C\000o\000m\000m\000a\000n\000d}{subsection.4.19.1}% 386
\BOOKMARK [3][-]{subsubsection.4.19.1.2}{\376\377\0004\000.\0001\0009\000.\0001\000.\0002\000\040\000l\000a\000m\000b\000d\000a}{subsection.4.19.1}% 387
\BOOKMARK [3][-]{subsubsection.4.19.1.3}{\376\377\0004\000.\0001\0009\000.\0001\000.\0003\000\040\000S\000e\000l\000e\000c\000t\000o\000r}{subsection.4.19.1}% 388
\BOOKMARK [2][-]{subsection.4.19.2}{\376\377\0004\000.\0001\0009\000.\0002\000\040\000F\000u\000n\000c\000t\000i\000o\000n\000\040\000D\000o\000c\000u\000m\000e\000n\000t\000a\000t\000i\000o\000n}{section.4.19}% 389
\BOOKMARK [3][-]{subsubsection.4.19.2.1}{\376\377\0004\000.\0001\0009\000.\0002\000.\0001\000\040\000a\000d\000d\000\137\000s\000e\000l\000e\000c\000t\000o\000r\000\137\000c\000o\000m\000m\000a\000n\000d\000\050\000\051}{subsection.4.19.2}% 390
\BOOKMARK [3][-]{subsubsection.4.19.2.2}{\376\377\0004\000.\0001\0009\000.\0002\000.\0002\000\040\000c\000h\000a\000n\000g\000e\000\137\000s\000e\000l\000e\000c\000t\000o\000r\000\050\000\051}{subsection.4.19.2}% 391
\BOOKMARK [3][-]{subsubsection.4.19.2.3}{\376\377\0004\000.\0001\0009\000.\0002\000.\0003\000\040\000c\000r\000e\000a\000t\000e\000\137\000s\000e\000l\000e\000c\000t\000o\000r\000\050\000\051}{subsection.4.19.2}% 392
\BOOKMARK [3][-]{subsubsection.4.19.2.4}{\376\377\0004\000.\0001\0009\000.\0002\000.\0004\000\040\000c\000y\000c\000l\000e\000\137\000g\000r\000a\000p\000h\000\050\000\051}{subsection.4.19.2}% 393
\BOOKMARK [3][-]{subsubsection.4.19.2.5}{\376\377\0004\000.\0001\0009\000.\0002\000.\0005\000\040\000e\000x\000e\000c\000u\000t\000e\000\137\000s\000e\000l\000e\000c\000t\000o\000r\000\050\000\051}{subsection.4.19.2}% 394
\BOOKMARK [3][-]{subsubsection.4.19.2.6}{\376\377\0004\000.\0001\0009\000.\0002\000.\0006\000\040\000f\000l\000i\000p\000\137\000b\000o\000o\000l\000\050\000\051}{subsection.4.19.2}% 395
\BOOKMARK [3][-]{subsubsection.4.19.2.7}{\376\377\0004\000.\0001\0009\000.\0002\000.\0007\000\040\000f\000l\000i\000p\000\137\000f\000e\000m\000t\000a\000\050\000\051}{subsection.4.19.2}% 396
\BOOKMARK [3][-]{subsubsection.4.19.2.8}{\376\377\0004\000.\0001\0009\000.\0002\000.\0008\000\040\000f\000l\000i\000p\000\137\000v\000a\000l\000v\000e\000\050\000\051}{subsection.4.19.2}% 397
\BOOKMARK [3][-]{subsubsection.4.19.2.9}{\376\377\0004\000.\0001\0009\000.\0002\000.\0009\000\040\000p\000r\000e\000s\000e\000n\000t\000\137\000s\000e\000l\000e\000c\000t\000o\000r\000\050\000\051}{subsection.4.19.2}% 398
\BOOKMARK [3][-]{subsubsection.4.19.2.10}{\376\377\0004\000.\0001\0009\000.\0002\000.\0001\0000\000\040\000r\000o\000t\000a\000t\000e\000\050\000\051}{subsection.4.19.2}% 399
\BOOKMARK [3][-]{subsubsection.4.19.2.11}{\376\377\0004\000.\0001\0009\000.\0002\000.\0001\0001\000\040\000w\000r\000i\000t\000e\000\137\000m\000e\000s\000s\000a\000g\000e\000\050\000\051}{subsection.4.19.2}% 400
\BOOKMARK [2][-]{subsection.4.19.3}{\376\377\0004\000.\0001\0009\000.\0003\000\040\000V\000a\000r\000i\000a\000b\000l\000e\000\040\000D\000o\000c\000u\000m\000e\000n\000t\000a\000t\000i\000o\000n}{section.4.19}% 401
\BOOKMARK [3][-]{subsubsection.4.19.3.1}{\376\377\0004\000.\0001\0009\000.\0003\000.\0001\000\040\000v\000i\000s\000i\000b\000l\000e\000\137\000s\000e\000l\000e\000c\000t\000o\000r}{subsection.4.19.3}% 402
\BOOKMARK [1][-]{section.4.20}{\376\377\0004\000.\0002\0000\000\040\000t\000e\000m\000p\000e\000r\000a\000t\000u\000r\000e\000-\000m\000o\000n\000i\000t\000o\000r\000i\000n\000g\000.\000c\000\040\000F\000i\000l\000e\000\040\000R\000e\000f\000e\000r\000e\000n\000c\000e}{chapter.4}% 403
\BOOKMARK [2][-]{subsection.4.20.1}{\376\377\0004\000.\0002\0000\000.\0001\000\040\000F\000u\000n\000c\000t\000i\000o\000n\000\040\000D\000o\000c\000u\000m\000e\000n\000t\000a\000t\000i\000o\000n}{section.4.20}% 404
\BOOKMARK [3][-]{subsubsection.4.20.1.1}{\376\377\0004\000.\0002\0000\000.\0001\000.\0001\000\040\000i\000n\000i\000t\000i\000a\000l\000i\000z\000e\000\137\000t\000e\000m\000p\000e\000r\000a\000t\000u\000r\000e\000\137\000m\000o\000n\000i\000t\000o\000r\000i\000n\000g\000\050\000\051}{subsection.4.20.1}% 405
\BOOKMARK [3][-]{subsubsection.4.20.1.2}{\376\377\0004\000.\0002\0000\000.\0001\000.\0002\000\040\000r\000e\000a\000d\000\137\000c\000p\000u\000\137\000t\000e\000m\000p\000e\000r\000a\000t\000u\000r\000e\000\050\000\051}{subsection.4.20.1}% 406
\BOOKMARK [3][-]{subsubsection.4.20.1.3}{\376\377\0004\000.\0002\0000\000.\0001\000.\0003\000\040\000t\000e\000r\000m\000i\000n\000a\000t\000e\000\137\000t\000e\000m\000p\000e\000r\000a\000t\000u\000r\000e\000\137\000m\000o\000n\000i\000t\000o\000r\000i\000n\000g\000\050\000\051}{subsection.4.20.1}% 407
\BOOKMARK [2][-]{subsection.4.20.2}{\376\377\0004\000.\0002\0000\000.\0002\000\040\000V\000a\000r\000i\000a\000b\000l\000e\000\040\000D\000o\000c\000u\000m\000e\000n\000t\000a\000t\000i\000o\000n}{section.4.20}% 408
\BOOKMARK [3][-]{subsubsection.4.20.2.1}{\376\377\0004\000.\0002\0000\000.\0002\000.\0001\000\040\000c\000p\000u\000\137\000t\000e\000m\000p\000e\000r\000a\000t\000u\000r\000e\000\137\000l\000o\000g\000\137\000f\000i\000l\000e}{subsection.4.20.2}% 409
\BOOKMARK [3][-]{subsubsection.4.20.2.2}{\376\377\0004\000.\0002\0000\000.\0002\000.\0002\000\040\000c\000p\000u\000\137\000t\000e\000m\000p\000e\000r\000a\000t\000u\000r\000e\000\137\000t\000h\000r\000e\000a\000d}{subsection.4.20.2}% 410
\BOOKMARK [3][-]{subsubsection.4.20.2.3}{\376\377\0004\000.\0002\0000\000.\0002\000.\0003\000\040\000t\000e\000m\000p\000e\000r\000a\000t\000u\000r\000e\000\137\000l\000o\000g\000\137\000f\000i\000l\000e\000n\000a\000m\000e}{subsection.4.20.2}% 411
\BOOKMARK [3][-]{subsubsection.4.20.2.4}{\376\377\0004\000.\0002\0000\000.\0002\000.\0004\000\040\000t\000e\000r\000m\000i\000n\000a\000t\000i\000o\000n\000\137\000s\000i\000g\000n\000a\000l}{subsection.4.20.2}% 412
\BOOKMARK [3][-]{subsubsection.4.20.2.5}{\376\377\0004\000.\0002\0000\000.\0002\000.\0005\000\040\000v\000a\000l\000u\000e\000s\000\137\000r\000e\000a\000d}{subsection.4.20.2}% 413
\BOOKMARK [1][-]{section.4.21}{\376\377\0004\000.\0002\0001\000\040\000t\000e\000m\000p\000e\000r\000a\000t\000u\000r\000e\000-\000m\000o\000n\000i\000t\000o\000r\000i\000n\000g\000.\000h\000\040\000F\000i\000l\000e\000\040\000R\000e\000f\000e\000r\000e\000n\000c\000e}{chapter.4}% 414
\BOOKMARK [2][-]{subsection.4.21.1}{\376\377\0004\000.\0002\0001\000.\0001\000\040\000F\000u\000n\000c\000t\000i\000o\000n\000\040\000D\000o\000c\000u\000m\000e\000n\000t\000a\000t\000i\000o\000n}{section.4.21}% 415
\BOOKMARK [3][-]{subsubsection.4.21.1.1}{\376\377\0004\000.\0002\0001\000.\0001\000.\0001\000\040\000i\000n\000i\000t\000i\000a\000l\000i\000z\000e\000\137\000t\000e\000m\000p\000e\000r\000a\000t\000u\000r\000e\000\137\000m\000o\000n\000i\000t\000o\000r\000i\000n\000g\000\050\000\051}{subsection.4.21.1}% 416
\BOOKMARK [3][-]{subsubsection.4.21.1.2}{\376\377\0004\000.\0002\0001\000.\0001\000.\0002\000\040\000t\000e\000r\000m\000i\000n\000a\000t\000e\000\137\000t\000e\000m\000p\000e\000r\000a\000t\000u\000r\000e\000\137\000m\000o\000n\000i\000t\000o\000r\000i\000n\000g\000\050\000\051}{subsection.4.21.1}% 417
\BOOKMARK [2][-]{subsection.4.21.2}{\376\377\0004\000.\0002\0001\000.\0002\000\040\000V\000a\000r\000i\000a\000b\000l\000e\000\040\000D\000o\000c\000u\000m\000e\000n\000t\000a\000t\000i\000o\000n}{section.4.21}% 418
\BOOKMARK [3][-]{subsubsection.4.21.2.1}{\376\377\0004\000.\0002\0001\000.\0002\000.\0001\000\040\000t\000e\000m\000p\000e\000r\000a\000t\000u\000r\000e\000\137\000p\000l\000o\000t}{subsection.4.21.2}% 419
\BOOKMARK [1][-]{section.4.22}{\376\377\0004\000.\0002\0002\000\040\000t\000i\000m\000i\000n\000g\000.\000c\000\040\000F\000i\000l\000e\000\040\000R\000e\000f\000e\000r\000e\000n\000c\000e}{chapter.4}% 420
\BOOKMARK [2][-]{subsection.4.22.1}{\376\377\0004\000.\0002\0002\000.\0001\000\040\000F\000u\000n\000c\000t\000i\000o\000n\000\040\000D\000o\000c\000u\000m\000e\000n\000t\000a\000t\000i\000o\000n}{section.4.22}% 421
\BOOKMARK [3][-]{subsubsection.4.22.1.1}{\376\377\0004\000.\0002\0002\000.\0001\000.\0001\000\040\000n\000a\000n\000o\000\137\000s\000l\000e\000e\000p\000\050\000\051}{subsection.4.22.1}% 422
\BOOKMARK [1][-]{section.4.23}{\376\377\0004\000.\0002\0003\000\040\000t\000i\000m\000i\000n\000g\000.\000h\000\040\000F\000i\000l\000e\000\040\000R\000e\000f\000e\000r\000e\000n\000c\000e}{chapter.4}% 423
\BOOKMARK [2][-]{subsection.4.23.1}{\376\377\0004\000.\0002\0003\000.\0001\000\040\000F\000u\000n\000c\000t\000i\000o\000n\000\040\000D\000o\000c\000u\000m\000e\000n\000t\000a\000t\000i\000o\000n}{section.4.23}% 424
\BOOKMARK [3][-]{subsubsection.4.23.1.1}{\376\377\0004\000.\0002\0003\000.\0001\000.\0001\000\040\000n\000a\000n\000o\000\137\000s\000l\000e\000e\000p\000\050\000\051}{subsection.4.23.1}% 425
